************************************
************************************

    Welcome to use DeepChromeHiC

************************************
************************************

begin time >>> Sat Oct  2 18:15:43 2021

begin time >>> Sat Oct  2 18:15:43 2021

begin time >>> Sat Oct  2 18:15:43 2021

begin time >>> Sat Oct  2 18:15:43 2021

begin time >>> Sat Oct  2 18:15:43 2021



If it is the first time to use, please preprocess the data first.
Use the command: python3 DeepChromeHiC.py -p true -n [gene name]
For example: python3 DeepChromeHiC.py -p true -n AD2.po


=== Below is your input ===

args.preprocessing = true
args.name = SX.pp
===========================

SX.pp

-> make new folder: data/SX.pp/png_train/0
-> make new folder: data/SX.pp/png_train/1
-> make new folder: data/SX.pp/png_test/0
-> make new folder: data/SX.pp/png_test/1
-> make new folder: data/SX.pp/train_en/0
-> make new folder: data/SX.pp/train_en/1
-> make new folder: data/SX.pp/train_pr/0
-> make new folder: data/SX.pp/train_pr/1
-> make new folder: data/SX.pp/test_en/0
-> make new folder: data/SX.pp/test_en/1
-> make new folder: data/SX.pp/test_pr/0
-> make new folder: data/SX.pp/test_pr/1
-> processing png...

========================================
anchor1_pos.shape
(4246,)
========================================

========================================
anchor1_neg2.shape
(4246,)
========================================

========================================
anchor2_pos.shape
(4246,)
========================================

========================================
anchor2_neg2.shape
(4246,)
========================================

----------------------------------------
anchor1_pos

train_split_rate 0.9
test_split_rate 0.09999999999999998

len(train_set) 3821
len(test_set) 425
----------------------------------------

----------------------------------------
anchor1_neg2

train_split_rate 0.9
test_split_rate 0.09999999999999998

len(train_set) 3821
len(test_set) 425
----------------------------------------

----------------------------------------
anchor2_pos

train_split_rate 0.9
test_split_rate 0.09999999999999998

len(train_set) 3821
len(test_set) 425
----------------------------------------

----------------------------------------
anchor2_neg2

train_split_rate 0.9
test_split_rate 0.09999999999999998

len(train_set) 3821
len(test_set) 425
----------------------------------------

########################################
one-hot enconding
[ [A], [C], [G], [T], [N] ]
[[1. 0. 0. 0. 0.]
 [0. 1. 0. 0. 0.]
 [0. 0. 1. 0. 0.]
 [0. 0. 0. 1. 0.]
 [0. 0. 0. 0. 1.]]
########################################


>>> Sat Oct  2 18:16:53 2021

The training set and labels are being stored in blocks, block number = 0 / 3
Merged block size (1000, 5, 20002)
PNG is being generated...

>>> Sat Oct  2 18:24:21 2021

The training set and labels are being stored in blocks, block number = 1 / 3
Merged block size (1000, 5, 20002)
PNG is being generated...

>>> Sat Oct  2 18:31:46 2021

The training set and labels are being stored in blocks, block number = 2 / 3
Merged block size (1000, 5, 20002)
PNG is being generated...

>>> Sat Oct  2 18:39:09 2021

The training set and labels are being stored in blocks, block number = 3 / 3
Merged block size (821, 5, 20002)
PNG is being generated...



>>> Sat Oct  2 18:45:10 2021

Writing test set and tags to png ...
Merged block size (425, 5, 20002)
PNG is being generated...

>>> Sat Oct  2 18:48:15 2021



-> png processed successfully!

-> processing npz...

Loading anchor1 ...
anchor1 finished ...

Loading anchor2 ...
anchor2 finished ...

train enconding ...
test enconding ...

writing data into .npz ...

-> npz processed successfully!











end time >>> Sat Oct  2 18:50:52 2021

end time >>> Sat Oct  2 18:50:52 2021

end time >>> Sat Oct  2 18:50:52 2021

end time >>> Sat Oct  2 18:50:52 2021

end time >>> Sat Oct  2 18:50:52 2021












time used = 2108.741190671921


