************************************
************************************

    Welcome to use DeepChromeHiC

************************************
************************************

begin time >>> Sat Oct  2 01:49:37 2021

begin time >>> Sat Oct  2 01:49:37 2021

begin time >>> Sat Oct  2 01:49:37 2021

begin time >>> Sat Oct  2 01:49:37 2021

begin time >>> Sat Oct  2 01:49:37 2021



If it is the first time to use, please preprocess the data first.
Use the command: python3 DeepChromeHiC.py -p true -n [gene name]
For example: python3 DeepChromeHiC.py -p true -n AD2.po


=== Below is your input ===

args.preprocessing = true
args.name = IMR90.po
===========================

IMR90.po

-> make new folder: data/IMR90.po/png_train/0
-> make new folder: data/IMR90.po/png_train/1
-> make new folder: data/IMR90.po/png_test/0
-> make new folder: data/IMR90.po/png_test/1
-> make new folder: data/IMR90.po/train_en/0
-> make new folder: data/IMR90.po/train_en/1
-> make new folder: data/IMR90.po/train_pr/0
-> make new folder: data/IMR90.po/train_pr/1
-> make new folder: data/IMR90.po/test_en/0
-> make new folder: data/IMR90.po/test_en/1
-> make new folder: data/IMR90.po/test_pr/0
-> make new folder: data/IMR90.po/test_pr/1
-> processing png...

========================================
anchor1_pos.shape
(8623,)
========================================

========================================
anchor1_neg2.shape
(8623,)
========================================

========================================
anchor2_pos.shape
(8623,)
========================================

========================================
anchor2_neg2.shape
(8623,)
========================================

----------------------------------------
anchor1_pos

train_split_rate 0.9
test_split_rate 0.09999999999999998

len(train_set) 7760
len(test_set) 863
----------------------------------------

----------------------------------------
anchor1_neg2

train_split_rate 0.9
test_split_rate 0.09999999999999998

len(train_set) 7760
len(test_set) 863
----------------------------------------

----------------------------------------
anchor2_pos

train_split_rate 0.9
test_split_rate 0.09999999999999998

len(train_set) 7760
len(test_set) 863
----------------------------------------

----------------------------------------
anchor2_neg2

train_split_rate 0.9
test_split_rate 0.09999999999999998

len(train_set) 7760
len(test_set) 863
----------------------------------------

########################################
one-hot enconding
[ [A], [C], [G], [T], [N] ]
[[1. 0. 0. 0. 0.]
 [0. 1. 0. 0. 0.]
 [0. 0. 1. 0. 0.]
 [0. 0. 0. 1. 0.]
 [0. 0. 0. 0. 1.]]
########################################


>>> Sat Oct  2 01:50:07 2021

The training set and labels are being stored in blocks, block number = 0 / 7
Merged block size (1000, 5, 20002)
PNG is being generated...

>>> Sat Oct  2 01:58:17 2021

The training set and labels are being stored in blocks, block number = 1 / 7
Merged block size (1000, 5, 20002)
PNG is being generated...

>>> Sat Oct  2 02:06:24 2021

The training set and labels are being stored in blocks, block number = 2 / 7
Merged block size (1000, 5, 20002)
PNG is being generated...

>>> Sat Oct  2 02:14:35 2021

The training set and labels are being stored in blocks, block number = 3 / 7
Merged block size (1000, 5, 20002)
PNG is being generated...

>>> Sat Oct  2 02:22:50 2021

The training set and labels are being stored in blocks, block number = 4 / 7
Merged block size (1000, 5, 20002)
PNG is being generated...

>>> Sat Oct  2 02:30:58 2021

The training set and labels are being stored in blocks, block number = 5 / 7
Merged block size (1000, 5, 20002)
PNG is being generated...

>>> Sat Oct  2 02:39:09 2021

The training set and labels are being stored in blocks, block number = 6 / 7
Merged block size (1000, 5, 20002)
PNG is being generated...

>>> Sat Oct  2 02:47:18 2021

The training set and labels are being stored in blocks, block number = 7 / 7
Merged block size (760, 5, 20002)
PNG is being generated...



>>> Sat Oct  2 02:53:30 2021

Writing test set and tags to png ...
Merged block size (863, 5, 20002)
PNG is being generated...

>>> Sat Oct  2 03:00:31 2021



-> png processed successfully!

-> processing npz...

Loading anchor1 ...
anchor1 finished ...

Loading anchor2 ...
anchor2 finished ...

train enconding ...
test enconding ...

writing data into .npz ...

-> npz processed successfully!











end time >>> Sat Oct  2 03:06:13 2021

end time >>> Sat Oct  2 03:06:13 2021

end time >>> Sat Oct  2 03:06:13 2021

end time >>> Sat Oct  2 03:06:13 2021

end time >>> Sat Oct  2 03:06:13 2021












time used = 4596.546612977982


