************************************
************************************

    Welcome to use DeepChromeHiC

************************************
************************************

begin time >>> Sat Oct  2 01:37:48 2021

begin time >>> Sat Oct  2 01:37:48 2021

begin time >>> Sat Oct  2 01:37:48 2021

begin time >>> Sat Oct  2 01:37:48 2021

begin time >>> Sat Oct  2 01:37:48 2021



If it is the first time to use, please preprocess the data first.
Use the command: python3 DeepChromeHiC.py -p true -n [gene name]
For example: python3 DeepChromeHiC.py -p true -n AD2.po


=== Below is your input ===

args.preprocessing = true
args.name = HCmerge.po
===========================

HCmerge.po

-> make new folder: data/HCmerge.po/png_train/0
-> make new folder: data/HCmerge.po/png_train/1
-> make new folder: data/HCmerge.po/png_test/0
-> make new folder: data/HCmerge.po/png_test/1
-> make new folder: data/HCmerge.po/train_en/0
-> make new folder: data/HCmerge.po/train_en/1
-> make new folder: data/HCmerge.po/train_pr/0
-> make new folder: data/HCmerge.po/train_pr/1
-> make new folder: data/HCmerge.po/test_en/0
-> make new folder: data/HCmerge.po/test_en/1
-> make new folder: data/HCmerge.po/test_pr/0
-> make new folder: data/HCmerge.po/test_pr/1
-> processing png...

========================================
anchor1_pos.shape
(12572,)
========================================

========================================
anchor1_neg2.shape
(12572,)
========================================

========================================
anchor2_pos.shape
(12572,)
========================================

========================================
anchor2_neg2.shape
(12572,)
========================================

----------------------------------------
anchor1_pos

train_split_rate 0.9
test_split_rate 0.09999999999999998

len(train_set) 11314
len(test_set) 1258
----------------------------------------

----------------------------------------
anchor1_neg2

train_split_rate 0.9
test_split_rate 0.09999999999999998

len(train_set) 11314
len(test_set) 1258
----------------------------------------

----------------------------------------
anchor2_pos

train_split_rate 0.9
test_split_rate 0.09999999999999998

len(train_set) 11314
len(test_set) 1258
----------------------------------------

----------------------------------------
anchor2_neg2

train_split_rate 0.9
test_split_rate 0.09999999999999998

len(train_set) 11314
len(test_set) 1258
----------------------------------------

########################################
one-hot enconding
[ [A], [C], [G], [T], [N] ]
[[1. 0. 0. 0. 0.]
 [0. 1. 0. 0. 0.]
 [0. 0. 1. 0. 0.]
 [0. 0. 0. 1. 0.]
 [0. 0. 0. 0. 1.]]
########################################


>>> Sat Oct  2 01:38:26 2021

The training set and labels are being stored in blocks, block number = 0 / 11
Merged block size (1000, 5, 20002)
PNG is being generated...

>>> Sat Oct  2 01:46:08 2021

The training set and labels are being stored in blocks, block number = 1 / 11
Merged block size (1000, 5, 20002)
PNG is being generated...

>>> Sat Oct  2 01:53:59 2021

The training set and labels are being stored in blocks, block number = 2 / 11
Merged block size (1000, 5, 20002)
PNG is being generated...

>>> Sat Oct  2 02:01:40 2021

The training set and labels are being stored in blocks, block number = 3 / 11
Merged block size (1000, 5, 20002)
PNG is being generated...

>>> Sat Oct  2 02:09:23 2021

The training set and labels are being stored in blocks, block number = 4 / 11
Merged block size (1000, 5, 20002)
PNG is being generated...

>>> Sat Oct  2 02:17:05 2021

The training set and labels are being stored in blocks, block number = 5 / 11
Merged block size (1000, 5, 20002)
PNG is being generated...

>>> Sat Oct  2 02:24:55 2021

The training set and labels are being stored in blocks, block number = 6 / 11
Merged block size (1000, 5, 20002)
PNG is being generated...

>>> Sat Oct  2 02:32:36 2021

The training set and labels are being stored in blocks, block number = 7 / 11
Merged block size (1000, 5, 20002)
PNG is being generated...

>>> Sat Oct  2 02:40:34 2021

The training set and labels are being stored in blocks, block number = 8 / 11
Merged block size (1000, 5, 20002)
PNG is being generated...

>>> Sat Oct  2 02:48:34 2021

The training set and labels are being stored in blocks, block number = 9 / 11
Merged block size (1000, 5, 20002)
PNG is being generated...

>>> Sat Oct  2 02:56:35 2021

The training set and labels are being stored in blocks, block number = 10 / 11
Merged block size (1000, 5, 20002)
PNG is being generated...

>>> Sat Oct  2 03:04:33 2021

The training set and labels are being stored in blocks, block number = 11 / 11
Merged block size (314, 5, 20002)
PNG is being generated...



>>> Sat Oct  2 03:07:04 2021

Writing test set and tags to png ...
Merged block size (1258, 5, 20002)
PNG is being generated...

>>> Sat Oct  2 03:17:01 2021



-> png processed successfully!

-> processing npz...

Loading anchor1 ...
anchor1 finished ...

Loading anchor2 ...
anchor2 finished ...

train enconding ...
test enconding ...

writing data into .npz ...

-> npz processed successfully!











end time >>> Sat Oct  2 03:24:52 2021

end time >>> Sat Oct  2 03:24:52 2021

end time >>> Sat Oct  2 03:24:52 2021

end time >>> Sat Oct  2 03:24:52 2021

end time >>> Sat Oct  2 03:24:52 2021












time used = 6423.291759967804


