************************************
************************************

    Welcome to use DeepChromeHiC

************************************
************************************

begin time >>> Sun Oct  3 06:42:57 2021

begin time >>> Sun Oct  3 06:42:57 2021

begin time >>> Sun Oct  3 06:42:57 2021

begin time >>> Sun Oct  3 06:42:57 2021

begin time >>> Sun Oct  3 06:42:57 2021



If it is the first time to use, please preprocess the data first.
Use the command: python3 DeepChromeHiC.py -p true -n [gene name]
For example: python3 DeepChromeHiC.py -p true -n AD2.po


=== Below is your input ===

args.model = embedding_dense
args.type = train
args.name = HCmerge.po
args.length = 10001
===========================


-> h5_weights/HCmerge.po folder already exist. pass.
-> result/HCmerge.po/onehot_cnn_one_branch folder already exist. pass.
-> result/HCmerge.po/onehot_cnn_two_branch folder already exist. pass.
-> result/HCmerge.po/onehot_embedding_dense folder already exist. pass.
-> result/HCmerge.po/onehot_dense folder already exist. pass.
-> result/HCmerge.po/onehot_resnet18 folder already exist. pass.
-> result/HCmerge.po/onehot_resnet34 folder already exist. pass.
-> result/HCmerge.po/embedding_cnn_one_branch folder already exist. pass.
-> result/HCmerge.po/embedding_cnn_two_branch folder already exist. pass.
-> result/HCmerge.po/embedding_dense folder already exist. pass.
-> result/HCmerge.po/onehot_embedding_cnn_one_branch folder already exist. pass.
-> result/HCmerge.po/onehot_embedding_cnn_two_branch folder already exist. pass.
########################################
gen_name
HCmerge.po
########################################

########################################
model_name
embedding_dense
########################################

Model: "functional_1"
__________________________________________________________________________________________________
Layer (type)                    Output Shape         Param #     Connected to                     
==================================================================================================
input_1 (InputLayer)            [(None, 10001)]      0                                            
__________________________________________________________________________________________________
input_2 (InputLayer)            [(None, 10001)]      0                                            
__________________________________________________________________________________________________
embedding (Embedding)           (None, 10001, 100)   409700      input_1[0][0]                    
__________________________________________________________________________________________________
embedding_1 (Embedding)         (None, 10001, 100)   409700      input_2[0][0]                    
__________________________________________________________________________________________________
concatenate (Concatenate)       (None, 20002, 100)   0           embedding[0][0]                  
                                                                 embedding_1[0][0]                
__________________________________________________________________________________________________
conv1d (Conv1D)                 (None, 626, 64)      409664      concatenate[0][0]                
__________________________________________________________________________________________________
max_pooling1d (MaxPooling1D)    (None, 38, 64)       0           conv1d[0][0]                     
__________________________________________________________________________________________________
batch_normalization (BatchNorma (None, 38, 64)       256         max_pooling1d[0][0]              
__________________________________________________________________________________________________
flatten (Flatten)               (None, 2432)         0           batch_normalization[0][0]        
__________________________________________________________________________________________________
dropout (Dropout)               (None, 2432)         0           flatten[0][0]                    
__________________________________________________________________________________________________
dense (Dense)                   (None, 512)          1245696     dropout[0][0]                    
__________________________________________________________________________________________________
batch_normalization_1 (BatchNor (None, 512)          2048        dense[0][0]                      
__________________________________________________________________________________________________
activation (Activation)         (None, 512)          0           batch_normalization_1[0][0]      
__________________________________________________________________________________________________
dropout_1 (Dropout)             (None, 512)          0           activation[0][0]                 
__________________________________________________________________________________________________
dense_1 (Dense)                 (None, 512)          262656      dropout_1[0][0]                  
__________________________________________________________________________________________________
batch_normalization_2 (BatchNor (None, 512)          2048        dense_1[0][0]                    
__________________________________________________________________________________________________
activation_1 (Activation)       (None, 512)          0           batch_normalization_2[0][0]      
__________________________________________________________________________________________________
dropout_2 (Dropout)             (None, 512)          0           activation_1[0][0]               
__________________________________________________________________________________________________
dense_2 (Dense)                 (None, 512)          262656      dropout_2[0][0]                  
__________________________________________________________________________________________________
batch_normalization_3 (BatchNor (None, 512)          2048        dense_2[0][0]                    
__________________________________________________________________________________________________
activation_2 (Activation)       (None, 512)          0           batch_normalization_3[0][0]      
__________________________________________________________________________________________________
dropout_3 (Dropout)             (None, 512)          0           activation_2[0][0]               
__________________________________________________________________________________________________
dense_3 (Dense)                 (None, 1)            513         dropout_3[0][0]                  
==================================================================================================
Total params: 3,006,985
Trainable params: 3,003,785
Non-trainable params: 3,200
__________________________________________________________________________________________________
Epoch 1/500
630/630 - 83s - loss: 0.8640 - accuracy: 0.4959 - val_loss: 0.7075 - val_accuracy: 0.4924
Epoch 2/500
630/630 - 83s - loss: 0.8502 - accuracy: 0.5006 - val_loss: 0.7038 - val_accuracy: 0.4992
Epoch 3/500
630/630 - 83s - loss: 0.8454 - accuracy: 0.5001 - val_loss: 0.7019 - val_accuracy: 0.4984
Epoch 4/500
630/630 - 83s - loss: 0.8378 - accuracy: 0.5066 - val_loss: 0.7003 - val_accuracy: 0.5000
Epoch 5/500
630/630 - 83s - loss: 0.8328 - accuracy: 0.5062 - val_loss: 0.6999 - val_accuracy: 0.5040
Epoch 6/500
630/630 - 83s - loss: 0.8348 - accuracy: 0.5021 - val_loss: 0.6985 - val_accuracy: 0.5064
Epoch 7/500
630/630 - 83s - loss: 0.8319 - accuracy: 0.5002 - val_loss: 0.6976 - val_accuracy: 0.5072
Epoch 8/500
630/630 - 83s - loss: 0.8292 - accuracy: 0.5063 - val_loss: 0.6968 - val_accuracy: 0.5133
Epoch 9/500
630/630 - 83s - loss: 0.8263 - accuracy: 0.5052 - val_loss: 0.6957 - val_accuracy: 0.5129
Epoch 10/500
630/630 - 83s - loss: 0.8129 - accuracy: 0.5115 - val_loss: 0.6961 - val_accuracy: 0.5120
Epoch 11/500
630/630 - 83s - loss: 0.8143 - accuracy: 0.5100 - val_loss: 0.6938 - val_accuracy: 0.5169
Epoch 12/500
630/630 - 83s - loss: 0.8144 - accuracy: 0.5051 - val_loss: 0.6935 - val_accuracy: 0.5189
Epoch 13/500
630/630 - 83s - loss: 0.8094 - accuracy: 0.5098 - val_loss: 0.6930 - val_accuracy: 0.5205
Epoch 14/500
630/630 - 83s - loss: 0.8167 - accuracy: 0.4987 - val_loss: 0.6925 - val_accuracy: 0.5173
Epoch 15/500
630/630 - 83s - loss: 0.8148 - accuracy: 0.5017 - val_loss: 0.6921 - val_accuracy: 0.5241
Epoch 16/500
630/630 - 83s - loss: 0.8051 - accuracy: 0.5085 - val_loss: 0.6921 - val_accuracy: 0.5201
Epoch 17/500
630/630 - 83s - loss: 0.8132 - accuracy: 0.5018 - val_loss: 0.6913 - val_accuracy: 0.5169
Epoch 18/500
630/630 - 83s - loss: 0.8087 - accuracy: 0.5036 - val_loss: 0.6911 - val_accuracy: 0.5245
Epoch 19/500
630/630 - 83s - loss: 0.7996 - accuracy: 0.5108 - val_loss: 0.6907 - val_accuracy: 0.5233
Epoch 20/500
630/630 - 83s - loss: 0.8021 - accuracy: 0.5032 - val_loss: 0.6908 - val_accuracy: 0.5225
Epoch 21/500
630/630 - 83s - loss: 0.7991 - accuracy: 0.5114 - val_loss: 0.6906 - val_accuracy: 0.5249
Epoch 22/500
630/630 - 83s - loss: 0.7878 - accuracy: 0.5180 - val_loss: 0.6900 - val_accuracy: 0.5249
Epoch 23/500
630/630 - 83s - loss: 0.7994 - accuracy: 0.4994 - val_loss: 0.6899 - val_accuracy: 0.5237
Epoch 24/500
630/630 - 83s - loss: 0.7920 - accuracy: 0.5133 - val_loss: 0.6895 - val_accuracy: 0.5217
Epoch 25/500
630/630 - 83s - loss: 0.7936 - accuracy: 0.5110 - val_loss: 0.6895 - val_accuracy: 0.5249
Epoch 26/500
630/630 - 83s - loss: 0.7858 - accuracy: 0.5161 - val_loss: 0.6894 - val_accuracy: 0.5305
Epoch 27/500
630/630 - 83s - loss: 0.7942 - accuracy: 0.5051 - val_loss: 0.6891 - val_accuracy: 0.5297
Epoch 28/500
630/630 - 83s - loss: 0.7849 - accuracy: 0.5097 - val_loss: 0.6890 - val_accuracy: 0.5245
Epoch 29/500
630/630 - 83s - loss: 0.7829 - accuracy: 0.5193 - val_loss: 0.6889 - val_accuracy: 0.5273
Epoch 30/500
630/630 - 83s - loss: 0.7831 - accuracy: 0.5124 - val_loss: 0.6889 - val_accuracy: 0.5297
Epoch 31/500
630/630 - 83s - loss: 0.7850 - accuracy: 0.5094 - val_loss: 0.6885 - val_accuracy: 0.5309
Epoch 32/500
630/630 - 83s - loss: 0.7857 - accuracy: 0.5130 - val_loss: 0.6881 - val_accuracy: 0.5345
Epoch 33/500
630/630 - 83s - loss: 0.7813 - accuracy: 0.5163 - val_loss: 0.6883 - val_accuracy: 0.5313
Epoch 34/500
630/630 - 83s - loss: 0.7801 - accuracy: 0.5174 - val_loss: 0.6877 - val_accuracy: 0.5293
Epoch 35/500
630/630 - 83s - loss: 0.7775 - accuracy: 0.5183 - val_loss: 0.6875 - val_accuracy: 0.5309
Epoch 36/500
630/630 - 83s - loss: 0.7770 - accuracy: 0.5145 - val_loss: 0.6872 - val_accuracy: 0.5337
Epoch 37/500
630/630 - 83s - loss: 0.7742 - accuracy: 0.5184 - val_loss: 0.6873 - val_accuracy: 0.5329
Epoch 38/500
630/630 - 83s - loss: 0.7748 - accuracy: 0.5176 - val_loss: 0.6868 - val_accuracy: 0.5369
Epoch 39/500
630/630 - 83s - loss: 0.7739 - accuracy: 0.5196 - val_loss: 0.6865 - val_accuracy: 0.5333
Epoch 40/500
630/630 - 83s - loss: 0.7733 - accuracy: 0.5127 - val_loss: 0.6860 - val_accuracy: 0.5386
Epoch 41/500
630/630 - 83s - loss: 0.7740 - accuracy: 0.5148 - val_loss: 0.6853 - val_accuracy: 0.5382
Epoch 42/500
630/630 - 83s - loss: 0.7726 - accuracy: 0.5177 - val_loss: 0.6851 - val_accuracy: 0.5386
Epoch 43/500
630/630 - 83s - loss: 0.7726 - accuracy: 0.5230 - val_loss: 0.6850 - val_accuracy: 0.5390
Epoch 44/500
630/630 - 83s - loss: 0.7649 - accuracy: 0.5201 - val_loss: 0.6848 - val_accuracy: 0.5422
Epoch 45/500
630/630 - 83s - loss: 0.7651 - accuracy: 0.5223 - val_loss: 0.6841 - val_accuracy: 0.5390
Epoch 46/500
630/630 - 83s - loss: 0.7621 - accuracy: 0.5245 - val_loss: 0.6837 - val_accuracy: 0.5414
Epoch 47/500
630/630 - 83s - loss: 0.7644 - accuracy: 0.5238 - val_loss: 0.6835 - val_accuracy: 0.5422
Epoch 48/500
630/630 - 83s - loss: 0.7566 - accuracy: 0.5300 - val_loss: 0.6830 - val_accuracy: 0.5450
Epoch 49/500
630/630 - 83s - loss: 0.7583 - accuracy: 0.5265 - val_loss: 0.6824 - val_accuracy: 0.5446
Epoch 50/500
630/630 - 83s - loss: 0.7548 - accuracy: 0.5328 - val_loss: 0.6819 - val_accuracy: 0.5470
Epoch 51/500
630/630 - 83s - loss: 0.7541 - accuracy: 0.5320 - val_loss: 0.6819 - val_accuracy: 0.5454
Epoch 52/500
630/630 - 83s - loss: 0.7585 - accuracy: 0.5318 - val_loss: 0.6817 - val_accuracy: 0.5462
Epoch 53/500
630/630 - 83s - loss: 0.7567 - accuracy: 0.5293 - val_loss: 0.6809 - val_accuracy: 0.5498
Epoch 54/500
630/630 - 83s - loss: 0.7535 - accuracy: 0.5335 - val_loss: 0.6806 - val_accuracy: 0.5494
Epoch 55/500
630/630 - 83s - loss: 0.7521 - accuracy: 0.5318 - val_loss: 0.6797 - val_accuracy: 0.5486
Epoch 56/500
630/630 - 83s - loss: 0.7568 - accuracy: 0.5297 - val_loss: 0.6791 - val_accuracy: 0.5534
Epoch 57/500
630/630 - 83s - loss: 0.7500 - accuracy: 0.5371 - val_loss: 0.6782 - val_accuracy: 0.5570
Epoch 58/500
630/630 - 83s - loss: 0.7566 - accuracy: 0.5332 - val_loss: 0.6777 - val_accuracy: 0.5578
Epoch 59/500
630/630 - 83s - loss: 0.7515 - accuracy: 0.5366 - val_loss: 0.6763 - val_accuracy: 0.5643
Epoch 60/500
630/630 - 83s - loss: 0.7515 - accuracy: 0.5369 - val_loss: 0.6759 - val_accuracy: 0.5614
Epoch 61/500
630/630 - 83s - loss: 0.7498 - accuracy: 0.5348 - val_loss: 0.6754 - val_accuracy: 0.5643
Epoch 62/500
630/630 - 83s - loss: 0.7460 - accuracy: 0.5371 - val_loss: 0.6746 - val_accuracy: 0.5643
Epoch 63/500
630/630 - 83s - loss: 0.7398 - accuracy: 0.5463 - val_loss: 0.6734 - val_accuracy: 0.5651
Epoch 64/500
630/630 - 83s - loss: 0.7357 - accuracy: 0.5509 - val_loss: 0.6729 - val_accuracy: 0.5647
Epoch 65/500
630/630 - 83s - loss: 0.7376 - accuracy: 0.5509 - val_loss: 0.6719 - val_accuracy: 0.5707
Epoch 66/500
630/630 - 83s - loss: 0.7413 - accuracy: 0.5442 - val_loss: 0.6718 - val_accuracy: 0.5679
Epoch 67/500
630/630 - 83s - loss: 0.7311 - accuracy: 0.5535 - val_loss: 0.6702 - val_accuracy: 0.5719
Epoch 68/500
630/630 - 83s - loss: 0.7340 - accuracy: 0.5502 - val_loss: 0.6696 - val_accuracy: 0.5735
Epoch 69/500
630/630 - 83s - loss: 0.7262 - accuracy: 0.5602 - val_loss: 0.6683 - val_accuracy: 0.5747
Epoch 70/500
630/630 - 83s - loss: 0.7274 - accuracy: 0.5577 - val_loss: 0.6670 - val_accuracy: 0.5743
Epoch 71/500
630/630 - 83s - loss: 0.7232 - accuracy: 0.5626 - val_loss: 0.6665 - val_accuracy: 0.5759
Epoch 72/500
630/630 - 83s - loss: 0.7202 - accuracy: 0.5641 - val_loss: 0.6653 - val_accuracy: 0.5771
Epoch 73/500
630/630 - 83s - loss: 0.7197 - accuracy: 0.5642 - val_loss: 0.6634 - val_accuracy: 0.5815
Epoch 74/500
630/630 - 83s - loss: 0.7183 - accuracy: 0.5714 - val_loss: 0.6627 - val_accuracy: 0.5859
Epoch 75/500
630/630 - 83s - loss: 0.7159 - accuracy: 0.5715 - val_loss: 0.6606 - val_accuracy: 0.5896
Epoch 76/500
630/630 - 83s - loss: 0.7052 - accuracy: 0.5819 - val_loss: 0.6608 - val_accuracy: 0.5835
Epoch 77/500
630/630 - 83s - loss: 0.7070 - accuracy: 0.5770 - val_loss: 0.6596 - val_accuracy: 0.5916
Epoch 78/500
630/630 - 83s - loss: 0.7029 - accuracy: 0.5853 - val_loss: 0.6581 - val_accuracy: 0.5884
Epoch 79/500
630/630 - 83s - loss: 0.7100 - accuracy: 0.5831 - val_loss: 0.6566 - val_accuracy: 0.5956
Epoch 80/500
630/630 - 83s - loss: 0.6997 - accuracy: 0.5847 - val_loss: 0.6565 - val_accuracy: 0.5932
Epoch 81/500
630/630 - 83s - loss: 0.6995 - accuracy: 0.5865 - val_loss: 0.6545 - val_accuracy: 0.5964
Epoch 82/500
630/630 - 83s - loss: 0.6909 - accuracy: 0.5925 - val_loss: 0.6524 - val_accuracy: 0.6008
Epoch 83/500
630/630 - 83s - loss: 0.6903 - accuracy: 0.5969 - val_loss: 0.6523 - val_accuracy: 0.5984
Epoch 84/500
630/630 - 83s - loss: 0.6822 - accuracy: 0.6039 - val_loss: 0.6508 - val_accuracy: 0.6020
Epoch 85/500
630/630 - 83s - loss: 0.6828 - accuracy: 0.6033 - val_loss: 0.6503 - val_accuracy: 0.6008
Epoch 86/500
630/630 - 83s - loss: 0.6775 - accuracy: 0.6105 - val_loss: 0.6473 - val_accuracy: 0.6092
Epoch 87/500
630/630 - 83s - loss: 0.6774 - accuracy: 0.6094 - val_loss: 0.6461 - val_accuracy: 0.6092
Epoch 88/500
630/630 - 83s - loss: 0.6701 - accuracy: 0.6217 - val_loss: 0.6438 - val_accuracy: 0.6141
Epoch 89/500
630/630 - 83s - loss: 0.6725 - accuracy: 0.6130 - val_loss: 0.6444 - val_accuracy: 0.6104
Epoch 90/500
630/630 - 83s - loss: 0.6643 - accuracy: 0.6258 - val_loss: 0.6434 - val_accuracy: 0.6112
Epoch 91/500
630/630 - 83s - loss: 0.6648 - accuracy: 0.6276 - val_loss: 0.6413 - val_accuracy: 0.6153
Epoch 92/500
630/630 - 83s - loss: 0.6616 - accuracy: 0.6294 - val_loss: 0.6407 - val_accuracy: 0.6149
Epoch 93/500
630/630 - 83s - loss: 0.6518 - accuracy: 0.6356 - val_loss: 0.6410 - val_accuracy: 0.6181
Epoch 94/500
630/630 - 83s - loss: 0.6442 - accuracy: 0.6445 - val_loss: 0.6385 - val_accuracy: 0.6181
Epoch 95/500
630/630 - 83s - loss: 0.6412 - accuracy: 0.6447 - val_loss: 0.6388 - val_accuracy: 0.6185
Epoch 96/500
630/630 - 83s - loss: 0.6355 - accuracy: 0.6500 - val_loss: 0.6380 - val_accuracy: 0.6197
Epoch 97/500
630/630 - 83s - loss: 0.6366 - accuracy: 0.6478 - val_loss: 0.6362 - val_accuracy: 0.6229
Epoch 98/500
630/630 - 83s - loss: 0.6306 - accuracy: 0.6565 - val_loss: 0.6342 - val_accuracy: 0.6253
Epoch 99/500
630/630 - 83s - loss: 0.6241 - accuracy: 0.6596 - val_loss: 0.6340 - val_accuracy: 0.6269
Epoch 100/500
630/630 - 83s - loss: 0.6260 - accuracy: 0.6593 - val_loss: 0.6341 - val_accuracy: 0.6273
Epoch 101/500
630/630 - 83s - loss: 0.6210 - accuracy: 0.6646 - val_loss: 0.6340 - val_accuracy: 0.6289
Epoch 102/500
630/630 - 83s - loss: 0.6109 - accuracy: 0.6744 - val_loss: 0.6308 - val_accuracy: 0.6341
Epoch 103/500
630/630 - 83s - loss: 0.6192 - accuracy: 0.6675 - val_loss: 0.6306 - val_accuracy: 0.6365
Epoch 104/500
630/630 - 83s - loss: 0.6054 - accuracy: 0.6774 - val_loss: 0.6306 - val_accuracy: 0.6345
Epoch 105/500
630/630 - 83s - loss: 0.6048 - accuracy: 0.6811 - val_loss: 0.6320 - val_accuracy: 0.6373
Epoch 106/500
630/630 - 83s - loss: 0.5960 - accuracy: 0.6893 - val_loss: 0.6296 - val_accuracy: 0.6414
Epoch 107/500
630/630 - 83s - loss: 0.5943 - accuracy: 0.6876 - val_loss: 0.6303 - val_accuracy: 0.6406
Epoch 108/500
630/630 - 83s - loss: 0.5899 - accuracy: 0.6889 - val_loss: 0.6281 - val_accuracy: 0.6410
Epoch 109/500
630/630 - 83s - loss: 0.5876 - accuracy: 0.6905 - val_loss: 0.6325 - val_accuracy: 0.6369
Epoch 110/500
630/630 - 81s - loss: 0.5873 - accuracy: 0.6950 - val_loss: 0.6277 - val_accuracy: 0.6438
Epoch 111/500
630/630 - 81s - loss: 0.5788 - accuracy: 0.6964 - val_loss: 0.6310 - val_accuracy: 0.6378
Epoch 112/500
630/630 - 80s - loss: 0.5784 - accuracy: 0.7014 - val_loss: 0.6298 - val_accuracy: 0.6402
Epoch 113/500
630/630 - 80s - loss: 0.5746 - accuracy: 0.7000 - val_loss: 0.6292 - val_accuracy: 0.6446
Epoch 114/500
630/630 - 80s - loss: 0.5718 - accuracy: 0.7069 - val_loss: 0.6292 - val_accuracy: 0.6446
Epoch 115/500
630/630 - 80s - loss: 0.5614 - accuracy: 0.7137 - val_loss: 0.6292 - val_accuracy: 0.6482
Epoch 116/500
630/630 - 81s - loss: 0.5568 - accuracy: 0.7199 - val_loss: 0.6287 - val_accuracy: 0.6490
Epoch 117/500
630/630 - 81s - loss: 0.5538 - accuracy: 0.7239 - val_loss: 0.6301 - val_accuracy: 0.6506
Epoch 118/500
630/630 - 81s - loss: 0.5516 - accuracy: 0.7223 - val_loss: 0.6297 - val_accuracy: 0.6522
Epoch 119/500
630/630 - 81s - loss: 0.5414 - accuracy: 0.7266 - val_loss: 0.6286 - val_accuracy: 0.6510
Epoch 120/500
630/630 - 81s - loss: 0.5465 - accuracy: 0.7309 - val_loss: 0.6304 - val_accuracy: 0.6522
Epoch 121/500
630/630 - 81s - loss: 0.5437 - accuracy: 0.7290 - val_loss: 0.6303 - val_accuracy: 0.6518
Epoch 122/500
630/630 - 81s - loss: 0.5361 - accuracy: 0.7370 - val_loss: 0.6301 - val_accuracy: 0.6514
Epoch 123/500
630/630 - 81s - loss: 0.5275 - accuracy: 0.7398 - val_loss: 0.6295 - val_accuracy: 0.6518
Epoch 124/500
630/630 - 81s - loss: 0.5258 - accuracy: 0.7390 - val_loss: 0.6303 - val_accuracy: 0.6526
Epoch 125/500
630/630 - 81s - loss: 0.5293 - accuracy: 0.7405 - val_loss: 0.6295 - val_accuracy: 0.6526
Epoch 126/500
630/630 - 81s - loss: 0.5173 - accuracy: 0.7484 - val_loss: 0.6346 - val_accuracy: 0.6526
Epoch 127/500
630/630 - 81s - loss: 0.5150 - accuracy: 0.7484 - val_loss: 0.6332 - val_accuracy: 0.6534
Epoch 128/500
630/630 - 81s - loss: 0.5097 - accuracy: 0.7527 - val_loss: 0.6315 - val_accuracy: 0.6554
Epoch 129/500
630/630 - 81s - loss: 0.5005 - accuracy: 0.7581 - val_loss: 0.6360 - val_accuracy: 0.6534
Epoch 130/500
630/630 - 80s - loss: 0.4961 - accuracy: 0.7593 - val_loss: 0.6352 - val_accuracy: 0.6538
Epoch 131/500
630/630 - 81s - loss: 0.5025 - accuracy: 0.7581 - val_loss: 0.6371 - val_accuracy: 0.6542
Epoch 132/500
630/630 - 81s - loss: 0.4959 - accuracy: 0.7641 - val_loss: 0.6396 - val_accuracy: 0.6530
Epoch 133/500
630/630 - 81s - loss: 0.4928 - accuracy: 0.7680 - val_loss: 0.6419 - val_accuracy: 0.6518
Epoch 134/500
630/630 - 81s - loss: 0.4874 - accuracy: 0.7679 - val_loss: 0.6405 - val_accuracy: 0.6526
Epoch 135/500
630/630 - 81s - loss: 0.4801 - accuracy: 0.7732 - val_loss: 0.6436 - val_accuracy: 0.6526
Epoch 136/500
630/630 - 81s - loss: 0.4832 - accuracy: 0.7725 - val_loss: 0.6429 - val_accuracy: 0.6558
Epoch 137/500
630/630 - 81s - loss: 0.4778 - accuracy: 0.7748 - val_loss: 0.6489 - val_accuracy: 0.6510
Epoch 138/500
630/630 - 81s - loss: 0.4683 - accuracy: 0.7803 - val_loss: 0.6438 - val_accuracy: 0.6550
Epoch 139/500
630/630 - 80s - loss: 0.4680 - accuracy: 0.7835 - val_loss: 0.6451 - val_accuracy: 0.6538
Epoch 140/500
630/630 - 80s - loss: 0.4620 - accuracy: 0.7884 - val_loss: 0.6474 - val_accuracy: 0.6538
Epoch 141/500
630/630 - 80s - loss: 0.4645 - accuracy: 0.7798 - val_loss: 0.6462 - val_accuracy: 0.6550
Epoch 142/500
630/630 - 80s - loss: 0.4712 - accuracy: 0.7801 - val_loss: 0.6497 - val_accuracy: 0.6550
Epoch 143/500
630/630 - 80s - loss: 0.4625 - accuracy: 0.7854 - val_loss: 0.6497 - val_accuracy: 0.6558
Epoch 144/500
630/630 - 81s - loss: 0.4553 - accuracy: 0.7887 - val_loss: 0.6512 - val_accuracy: 0.6570
Epoch 145/500
630/630 - 80s - loss: 0.4467 - accuracy: 0.7940 - val_loss: 0.6552 - val_accuracy: 0.6570
Epoch 146/500
630/630 - 80s - loss: 0.4420 - accuracy: 0.7970 - val_loss: 0.6558 - val_accuracy: 0.6574
Epoch 147/500
630/630 - 81s - loss: 0.4470 - accuracy: 0.7973 - val_loss: 0.6593 - val_accuracy: 0.6562
Epoch 148/500
630/630 - 81s - loss: 0.4409 - accuracy: 0.7953 - val_loss: 0.6570 - val_accuracy: 0.6570
Epoch 149/500
630/630 - 81s - loss: 0.4373 - accuracy: 0.7991 - val_loss: 0.6633 - val_accuracy: 0.6566
Epoch 150/500
630/630 - 81s - loss: 0.4289 - accuracy: 0.8054 - val_loss: 0.6628 - val_accuracy: 0.6566
Epoch 151/500
630/630 - 81s - loss: 0.4366 - accuracy: 0.7989 - val_loss: 0.6608 - val_accuracy: 0.6602
Epoch 152/500
630/630 - 81s - loss: 0.4235 - accuracy: 0.8074 - val_loss: 0.6621 - val_accuracy: 0.6614
Epoch 153/500
630/630 - 81s - loss: 0.4180 - accuracy: 0.8088 - val_loss: 0.6633 - val_accuracy: 0.6598
Epoch 154/500
630/630 - 81s - loss: 0.4168 - accuracy: 0.8129 - val_loss: 0.6682 - val_accuracy: 0.6618
Epoch 155/500
630/630 - 81s - loss: 0.4153 - accuracy: 0.8131 - val_loss: 0.6702 - val_accuracy: 0.6598
Epoch 156/500
630/630 - 81s - loss: 0.4095 - accuracy: 0.8165 - val_loss: 0.6727 - val_accuracy: 0.6590
Epoch 157/500
630/630 - 80s - loss: 0.4084 - accuracy: 0.8170 - val_loss: 0.6744 - val_accuracy: 0.6594
Epoch 158/500
630/630 - 81s - loss: 0.4018 - accuracy: 0.8189 - val_loss: 0.6745 - val_accuracy: 0.6631
Epoch 159/500
630/630 - 81s - loss: 0.4006 - accuracy: 0.8223 - val_loss: 0.6763 - val_accuracy: 0.6627
Epoch 160/500
630/630 - 80s - loss: 0.3961 - accuracy: 0.8222 - val_loss: 0.6809 - val_accuracy: 0.6606
Epoch 161/500
630/630 - 81s - loss: 0.4006 - accuracy: 0.8214 - val_loss: 0.6760 - val_accuracy: 0.6643
Epoch 162/500
630/630 - 81s - loss: 0.3920 - accuracy: 0.8240 - val_loss: 0.6889 - val_accuracy: 0.6562
Epoch 163/500
630/630 - 81s - loss: 0.3933 - accuracy: 0.8259 - val_loss: 0.6826 - val_accuracy: 0.6635
Epoch 164/500
630/630 - 81s - loss: 0.3854 - accuracy: 0.8305 - val_loss: 0.6872 - val_accuracy: 0.6598
Epoch 165/500
630/630 - 81s - loss: 0.3812 - accuracy: 0.8317 - val_loss: 0.6890 - val_accuracy: 0.6586
Epoch 166/500
630/630 - 80s - loss: 0.3872 - accuracy: 0.8262 - val_loss: 0.6902 - val_accuracy: 0.6631
Epoch 167/500
630/630 - 81s - loss: 0.3818 - accuracy: 0.8322 - val_loss: 0.6876 - val_accuracy: 0.6659
Epoch 168/500
630/630 - 81s - loss: 0.3762 - accuracy: 0.8319 - val_loss: 0.6897 - val_accuracy: 0.6647
Epoch 169/500
630/630 - 81s - loss: 0.3719 - accuracy: 0.8347 - val_loss: 0.6938 - val_accuracy: 0.6639
Epoch 170/500
630/630 - 81s - loss: 0.3653 - accuracy: 0.8376 - val_loss: 0.6952 - val_accuracy: 0.6655
Epoch 171/500
630/630 - 81s - loss: 0.3623 - accuracy: 0.8402 - val_loss: 0.6988 - val_accuracy: 0.6659
Epoch 172/500
630/630 - 81s - loss: 0.3618 - accuracy: 0.8390 - val_loss: 0.6977 - val_accuracy: 0.6667
Epoch 173/500
630/630 - 81s - loss: 0.3610 - accuracy: 0.8433 - val_loss: 0.7053 - val_accuracy: 0.6606
Epoch 174/500
630/630 - 81s - loss: 0.3520 - accuracy: 0.8464 - val_loss: 0.7033 - val_accuracy: 0.6639
Epoch 175/500
630/630 - 81s - loss: 0.3558 - accuracy: 0.8425 - val_loss: 0.7082 - val_accuracy: 0.6602
Epoch 176/500
630/630 - 81s - loss: 0.3441 - accuracy: 0.8498 - val_loss: 0.7103 - val_accuracy: 0.6614
Epoch 177/500
630/630 - 81s - loss: 0.3425 - accuracy: 0.8531 - val_loss: 0.7111 - val_accuracy: 0.6639
Epoch 178/500
630/630 - 80s - loss: 0.3380 - accuracy: 0.8536 - val_loss: 0.7159 - val_accuracy: 0.6598
Epoch 179/500
630/630 - 81s - loss: 0.3418 - accuracy: 0.8514 - val_loss: 0.7161 - val_accuracy: 0.6622
Epoch 180/500
630/630 - 81s - loss: 0.3351 - accuracy: 0.8553 - val_loss: 0.7160 - val_accuracy: 0.6695
Epoch 181/500
630/630 - 81s - loss: 0.3335 - accuracy: 0.8550 - val_loss: 0.7216 - val_accuracy: 0.6618
Epoch 182/500
630/630 - 81s - loss: 0.3289 - accuracy: 0.8570 - val_loss: 0.7267 - val_accuracy: 0.6606
Epoch 183/500
630/630 - 81s - loss: 0.3243 - accuracy: 0.8594 - val_loss: 0.7289 - val_accuracy: 0.6618
Epoch 184/500
630/630 - 81s - loss: 0.3239 - accuracy: 0.8589 - val_loss: 0.7221 - val_accuracy: 0.6667
Epoch 185/500
630/630 - 81s - loss: 0.3229 - accuracy: 0.8592 - val_loss: 0.7280 - val_accuracy: 0.6647
Epoch 186/500
630/630 - 81s - loss: 0.3195 - accuracy: 0.8625 - val_loss: 0.7296 - val_accuracy: 0.6651
Epoch 187/500
630/630 - 81s - loss: 0.3163 - accuracy: 0.8631 - val_loss: 0.7293 - val_accuracy: 0.6679
Epoch 188/500
630/630 - 81s - loss: 0.3154 - accuracy: 0.8640 - val_loss: 0.7379 - val_accuracy: 0.6655
Epoch 189/500
630/630 - 81s - loss: 0.3109 - accuracy: 0.8660 - val_loss: 0.7336 - val_accuracy: 0.6711
Epoch 190/500
630/630 - 81s - loss: 0.3091 - accuracy: 0.8671 - val_loss: 0.7386 - val_accuracy: 0.6683
Epoch 191/500
630/630 - 81s - loss: 0.3040 - accuracy: 0.8706 - val_loss: 0.7447 - val_accuracy: 0.6647
Epoch 192/500
630/630 - 81s - loss: 0.3032 - accuracy: 0.8725 - val_loss: 0.7418 - val_accuracy: 0.6695
Epoch 193/500
630/630 - 81s - loss: 0.3017 - accuracy: 0.8723 - val_loss: 0.7470 - val_accuracy: 0.6659
Epoch 194/500
630/630 - 81s - loss: 0.3031 - accuracy: 0.8718 - val_loss: 0.7495 - val_accuracy: 0.6671
Epoch 195/500
630/630 - 81s - loss: 0.2914 - accuracy: 0.8755 - val_loss: 0.7550 - val_accuracy: 0.6655
Epoch 196/500
630/630 - 81s - loss: 0.2972 - accuracy: 0.8719 - val_loss: 0.7512 - val_accuracy: 0.6687
Epoch 197/500
630/630 - 81s - loss: 0.2884 - accuracy: 0.8782 - val_loss: 0.7572 - val_accuracy: 0.6631
Epoch 198/500
630/630 - 81s - loss: 0.2902 - accuracy: 0.8753 - val_loss: 0.7528 - val_accuracy: 0.6699
Epoch 199/500
630/630 - 81s - loss: 0.2837 - accuracy: 0.8774 - val_loss: 0.7573 - val_accuracy: 0.6659
Epoch 200/500
630/630 - 81s - loss: 0.2816 - accuracy: 0.8813 - val_loss: 0.7598 - val_accuracy: 0.6679
Epoch 201/500
630/630 - 81s - loss: 0.2792 - accuracy: 0.8817 - val_loss: 0.7638 - val_accuracy: 0.6671
Epoch 202/500
630/630 - 81s - loss: 0.2821 - accuracy: 0.8799 - val_loss: 0.7612 - val_accuracy: 0.6671
Epoch 203/500
630/630 - 81s - loss: 0.2768 - accuracy: 0.8840 - val_loss: 0.7592 - val_accuracy: 0.6683
Epoch 204/500
630/630 - 81s - loss: 0.2738 - accuracy: 0.8834 - val_loss: 0.7668 - val_accuracy: 0.6687
Epoch 205/500
630/630 - 81s - loss: 0.2682 - accuracy: 0.8885 - val_loss: 0.7754 - val_accuracy: 0.6659
Epoch 206/500
630/630 - 81s - loss: 0.2744 - accuracy: 0.8879 - val_loss: 0.7776 - val_accuracy: 0.6622
Epoch 207/500
630/630 - 81s - loss: 0.2664 - accuracy: 0.8898 - val_loss: 0.7793 - val_accuracy: 0.6659
Epoch 208/500
630/630 - 81s - loss: 0.2592 - accuracy: 0.8922 - val_loss: 0.7814 - val_accuracy: 0.6675
Epoch 209/500
630/630 - 81s - loss: 0.2611 - accuracy: 0.8901 - val_loss: 0.7862 - val_accuracy: 0.6651
========================================
save_weights
h5_weights/HCmerge.po/embedding_dense.h5
========================================

end time >>> Sun Oct  3 11:28:39 2021

end time >>> Sun Oct  3 11:28:39 2021

end time >>> Sun Oct  3 11:28:39 2021

end time >>> Sun Oct  3 11:28:39 2021

end time >>> Sun Oct  3 11:28:39 2021












args.model = embedding_dense
time used = 17141.36751627922


************************************
************************************

    Welcome to use DeepChromeHiC

************************************
************************************

begin time >>> Sun Oct  3 11:28:40 2021

begin time >>> Sun Oct  3 11:28:40 2021

begin time >>> Sun Oct  3 11:28:40 2021

begin time >>> Sun Oct  3 11:28:40 2021

begin time >>> Sun Oct  3 11:28:40 2021



If it is the first time to use, please preprocess the data first.
Use the command: python3 DeepChromeHiC.py -p true -n [gene name]
For example: python3 DeepChromeHiC.py -p true -n AD2.po


=== Below is your input ===

args.model = embedding_cnn_one_branch
args.type = train
args.name = HCmerge.po
args.length = 10001
===========================


-> h5_weights/HCmerge.po folder already exist. pass.
-> result/HCmerge.po/onehot_cnn_one_branch folder already exist. pass.
-> result/HCmerge.po/onehot_cnn_two_branch folder already exist. pass.
-> result/HCmerge.po/onehot_embedding_dense folder already exist. pass.
-> result/HCmerge.po/onehot_dense folder already exist. pass.
-> result/HCmerge.po/onehot_resnet18 folder already exist. pass.
-> result/HCmerge.po/onehot_resnet34 folder already exist. pass.
-> result/HCmerge.po/embedding_cnn_one_branch folder already exist. pass.
-> result/HCmerge.po/embedding_cnn_two_branch folder already exist. pass.
-> result/HCmerge.po/embedding_dense folder already exist. pass.
-> result/HCmerge.po/onehot_embedding_cnn_one_branch folder already exist. pass.
-> result/HCmerge.po/onehot_embedding_cnn_two_branch folder already exist. pass.
########################################
gen_name
HCmerge.po
########################################

########################################
model_name
embedding_cnn_one_branch
########################################

Model: "functional_1"
__________________________________________________________________________________________________
Layer (type)                    Output Shape         Param #     Connected to                     
==================================================================================================
input_1 (InputLayer)            [(None, 10001)]      0                                            
__________________________________________________________________________________________________
input_2 (InputLayer)            [(None, 10001)]      0                                            
__________________________________________________________________________________________________
embedding (Embedding)           (None, 10001, 100)   409700      input_1[0][0]                    
__________________________________________________________________________________________________
embedding_1 (Embedding)         (None, 10001, 100)   409700      input_2[0][0]                    
__________________________________________________________________________________________________
concatenate (Concatenate)       (None, 20002, 100)   0           embedding[0][0]                  
                                                                 embedding_1[0][0]                
__________________________________________________________________________________________________
sequential (Sequential)         (None, 155, 64)      205888      concatenate[0][0]                
__________________________________________________________________________________________________
flatten (Flatten)               (None, 9920)         0           sequential[0][0]                 
__________________________________________________________________________________________________
batch_normalization_4 (BatchNor (None, 9920)         39680       flatten[0][0]                    
__________________________________________________________________________________________________
dropout (Dropout)               (None, 9920)         0           batch_normalization_4[0][0]      
__________________________________________________________________________________________________
dense (Dense)                   (None, 512)          5079552     dropout[0][0]                    
__________________________________________________________________________________________________
batch_normalization_5 (BatchNor (None, 512)          2048        dense[0][0]                      
__________________________________________________________________________________________________
activation_4 (Activation)       (None, 512)          0           batch_normalization_5[0][0]      
__________________________________________________________________________________________________
dropout_1 (Dropout)             (None, 512)          0           activation_4[0][0]               
__________________________________________________________________________________________________
dense_1 (Dense)                 (None, 512)          262656      dropout_1[0][0]                  
__________________________________________________________________________________________________
batch_normalization_6 (BatchNor (None, 512)          2048        dense_1[0][0]                    
__________________________________________________________________________________________________
activation_5 (Activation)       (None, 512)          0           batch_normalization_6[0][0]      
__________________________________________________________________________________________________
dropout_2 (Dropout)             (None, 512)          0           activation_5[0][0]               
__________________________________________________________________________________________________
dense_2 (Dense)                 (None, 1)            513         dropout_2[0][0]                  
==================================================================================================
Total params: 6,411,785
Trainable params: 6,389,385
Non-trainable params: 22,400
__________________________________________________________________________________________________
Epoch 1/500
630/630 - 85s - loss: 0.9057 - accuracy: 0.4988 - val_loss: 0.7150 - val_accuracy: 0.5024
Epoch 2/500
630/630 - 85s - loss: 0.8782 - accuracy: 0.5042 - val_loss: 0.7095 - val_accuracy: 0.5080
Epoch 3/500
630/630 - 85s - loss: 0.8515 - accuracy: 0.5140 - val_loss: 0.7049 - val_accuracy: 0.5221
Epoch 4/500
630/630 - 84s - loss: 0.8441 - accuracy: 0.5171 - val_loss: 0.7009 - val_accuracy: 0.5261
Epoch 5/500
630/630 - 84s - loss: 0.8393 - accuracy: 0.5163 - val_loss: 0.6979 - val_accuracy: 0.5309
Epoch 6/500
630/630 - 85s - loss: 0.8242 - accuracy: 0.5219 - val_loss: 0.6948 - val_accuracy: 0.5394
Epoch 7/500
630/630 - 84s - loss: 0.8165 - accuracy: 0.5275 - val_loss: 0.6919 - val_accuracy: 0.5426
Epoch 8/500
630/630 - 84s - loss: 0.8038 - accuracy: 0.5337 - val_loss: 0.6895 - val_accuracy: 0.5442
Epoch 9/500
630/630 - 85s - loss: 0.7976 - accuracy: 0.5408 - val_loss: 0.6872 - val_accuracy: 0.5462
Epoch 10/500
630/630 - 84s - loss: 0.7946 - accuracy: 0.5397 - val_loss: 0.6854 - val_accuracy: 0.5510
Epoch 11/500
630/630 - 84s - loss: 0.7942 - accuracy: 0.5414 - val_loss: 0.6831 - val_accuracy: 0.5590
Epoch 12/500
630/630 - 84s - loss: 0.7858 - accuracy: 0.5466 - val_loss: 0.6818 - val_accuracy: 0.5614
Epoch 13/500
630/630 - 84s - loss: 0.7796 - accuracy: 0.5491 - val_loss: 0.6790 - val_accuracy: 0.5602
Epoch 14/500
630/630 - 84s - loss: 0.7781 - accuracy: 0.5446 - val_loss: 0.6775 - val_accuracy: 0.5671
Epoch 15/500
630/630 - 85s - loss: 0.7651 - accuracy: 0.5534 - val_loss: 0.6750 - val_accuracy: 0.5707
Epoch 16/500
630/630 - 85s - loss: 0.7637 - accuracy: 0.5600 - val_loss: 0.6740 - val_accuracy: 0.5691
Epoch 17/500
630/630 - 85s - loss: 0.7572 - accuracy: 0.5623 - val_loss: 0.6723 - val_accuracy: 0.5731
Epoch 18/500
630/630 - 85s - loss: 0.7536 - accuracy: 0.5654 - val_loss: 0.6707 - val_accuracy: 0.5711
Epoch 19/500
630/630 - 85s - loss: 0.7517 - accuracy: 0.5658 - val_loss: 0.6688 - val_accuracy: 0.5767
Epoch 20/500
630/630 - 85s - loss: 0.7444 - accuracy: 0.5718 - val_loss: 0.6667 - val_accuracy: 0.5795
Epoch 21/500
630/630 - 85s - loss: 0.7475 - accuracy: 0.5688 - val_loss: 0.6656 - val_accuracy: 0.5799
Epoch 22/500
630/630 - 85s - loss: 0.7400 - accuracy: 0.5737 - val_loss: 0.6640 - val_accuracy: 0.5815
Epoch 23/500
630/630 - 85s - loss: 0.7298 - accuracy: 0.5808 - val_loss: 0.6628 - val_accuracy: 0.5815
Epoch 24/500
630/630 - 85s - loss: 0.7268 - accuracy: 0.5903 - val_loss: 0.6607 - val_accuracy: 0.5851
Epoch 25/500
630/630 - 85s - loss: 0.7152 - accuracy: 0.5925 - val_loss: 0.6596 - val_accuracy: 0.5843
Epoch 26/500
630/630 - 85s - loss: 0.7185 - accuracy: 0.5953 - val_loss: 0.6579 - val_accuracy: 0.5876
Epoch 27/500
630/630 - 85s - loss: 0.7052 - accuracy: 0.6002 - val_loss: 0.6567 - val_accuracy: 0.5900
Epoch 28/500
630/630 - 85s - loss: 0.7024 - accuracy: 0.6079 - val_loss: 0.6553 - val_accuracy: 0.5924
Epoch 29/500
630/630 - 85s - loss: 0.6979 - accuracy: 0.6083 - val_loss: 0.6544 - val_accuracy: 0.5948
Epoch 30/500
630/630 - 85s - loss: 0.6906 - accuracy: 0.6165 - val_loss: 0.6527 - val_accuracy: 0.5960
Epoch 31/500
630/630 - 85s - loss: 0.6844 - accuracy: 0.6224 - val_loss: 0.6509 - val_accuracy: 0.6016
Epoch 32/500
630/630 - 85s - loss: 0.6812 - accuracy: 0.6225 - val_loss: 0.6497 - val_accuracy: 0.5992
Epoch 33/500
630/630 - 85s - loss: 0.6761 - accuracy: 0.6256 - val_loss: 0.6485 - val_accuracy: 0.6064
Epoch 34/500
630/630 - 85s - loss: 0.6688 - accuracy: 0.6331 - val_loss: 0.6473 - val_accuracy: 0.6040
Epoch 35/500
630/630 - 85s - loss: 0.6710 - accuracy: 0.6343 - val_loss: 0.6472 - val_accuracy: 0.6016
Epoch 36/500
630/630 - 85s - loss: 0.6590 - accuracy: 0.6426 - val_loss: 0.6450 - val_accuracy: 0.6076
Epoch 37/500
630/630 - 85s - loss: 0.6592 - accuracy: 0.6434 - val_loss: 0.6441 - val_accuracy: 0.6116
Epoch 38/500
630/630 - 85s - loss: 0.6431 - accuracy: 0.6524 - val_loss: 0.6436 - val_accuracy: 0.6100
Epoch 39/500
630/630 - 85s - loss: 0.6443 - accuracy: 0.6538 - val_loss: 0.6434 - val_accuracy: 0.6092
Epoch 40/500
630/630 - 85s - loss: 0.6373 - accuracy: 0.6597 - val_loss: 0.6415 - val_accuracy: 0.6181
Epoch 41/500
630/630 - 85s - loss: 0.6343 - accuracy: 0.6620 - val_loss: 0.6410 - val_accuracy: 0.6137
Epoch 42/500
630/630 - 85s - loss: 0.6334 - accuracy: 0.6661 - val_loss: 0.6411 - val_accuracy: 0.6165
Epoch 43/500
630/630 - 85s - loss: 0.6253 - accuracy: 0.6724 - val_loss: 0.6407 - val_accuracy: 0.6169
Epoch 44/500
630/630 - 85s - loss: 0.6162 - accuracy: 0.6748 - val_loss: 0.6405 - val_accuracy: 0.6201
Epoch 45/500
630/630 - 85s - loss: 0.6066 - accuracy: 0.6864 - val_loss: 0.6407 - val_accuracy: 0.6201
Epoch 46/500
630/630 - 85s - loss: 0.6053 - accuracy: 0.6847 - val_loss: 0.6403 - val_accuracy: 0.6217
Epoch 47/500
630/630 - 85s - loss: 0.6004 - accuracy: 0.6846 - val_loss: 0.6400 - val_accuracy: 0.6221
Epoch 48/500
630/630 - 85s - loss: 0.5919 - accuracy: 0.6946 - val_loss: 0.6401 - val_accuracy: 0.6229
Epoch 49/500
630/630 - 85s - loss: 0.5965 - accuracy: 0.6929 - val_loss: 0.6399 - val_accuracy: 0.6269
Epoch 50/500
630/630 - 85s - loss: 0.5822 - accuracy: 0.7011 - val_loss: 0.6407 - val_accuracy: 0.6281
Epoch 51/500
630/630 - 85s - loss: 0.5816 - accuracy: 0.7050 - val_loss: 0.6402 - val_accuracy: 0.6321
Epoch 52/500
630/630 - 85s - loss: 0.5693 - accuracy: 0.7120 - val_loss: 0.6399 - val_accuracy: 0.6309
Epoch 53/500
630/630 - 85s - loss: 0.5610 - accuracy: 0.7161 - val_loss: 0.6408 - val_accuracy: 0.6325
Epoch 54/500
630/630 - 85s - loss: 0.5674 - accuracy: 0.7146 - val_loss: 0.6425 - val_accuracy: 0.6325
Epoch 55/500
630/630 - 85s - loss: 0.5582 - accuracy: 0.7181 - val_loss: 0.6418 - val_accuracy: 0.6341
Epoch 56/500
630/630 - 85s - loss: 0.5600 - accuracy: 0.7188 - val_loss: 0.6426 - val_accuracy: 0.6345
Epoch 57/500
630/630 - 85s - loss: 0.5561 - accuracy: 0.7264 - val_loss: 0.6428 - val_accuracy: 0.6373
Epoch 58/500
630/630 - 85s - loss: 0.5457 - accuracy: 0.7306 - val_loss: 0.6430 - val_accuracy: 0.6373
Epoch 59/500
630/630 - 85s - loss: 0.5410 - accuracy: 0.7317 - val_loss: 0.6446 - val_accuracy: 0.6402
Epoch 60/500
630/630 - 85s - loss: 0.5363 - accuracy: 0.7367 - val_loss: 0.6441 - val_accuracy: 0.6402
Epoch 61/500
630/630 - 85s - loss: 0.5319 - accuracy: 0.7428 - val_loss: 0.6453 - val_accuracy: 0.6390
Epoch 62/500
630/630 - 85s - loss: 0.5230 - accuracy: 0.7445 - val_loss: 0.6447 - val_accuracy: 0.6438
Epoch 63/500
630/630 - 85s - loss: 0.5199 - accuracy: 0.7492 - val_loss: 0.6484 - val_accuracy: 0.6414
Epoch 64/500
630/630 - 85s - loss: 0.5173 - accuracy: 0.7495 - val_loss: 0.6468 - val_accuracy: 0.6414
Epoch 65/500
630/630 - 85s - loss: 0.5120 - accuracy: 0.7537 - val_loss: 0.6495 - val_accuracy: 0.6402
Epoch 66/500
630/630 - 85s - loss: 0.5088 - accuracy: 0.7541 - val_loss: 0.6500 - val_accuracy: 0.6426
Epoch 67/500
630/630 - 85s - loss: 0.5018 - accuracy: 0.7599 - val_loss: 0.6516 - val_accuracy: 0.6398
Epoch 68/500
630/630 - 85s - loss: 0.5039 - accuracy: 0.7548 - val_loss: 0.6532 - val_accuracy: 0.6410
Epoch 69/500
630/630 - 85s - loss: 0.4954 - accuracy: 0.7644 - val_loss: 0.6542 - val_accuracy: 0.6386
Epoch 70/500
630/630 - 85s - loss: 0.4868 - accuracy: 0.7665 - val_loss: 0.6538 - val_accuracy: 0.6450
Epoch 71/500
630/630 - 85s - loss: 0.4826 - accuracy: 0.7691 - val_loss: 0.6559 - val_accuracy: 0.6426
Epoch 72/500
630/630 - 85s - loss: 0.4833 - accuracy: 0.7725 - val_loss: 0.6558 - val_accuracy: 0.6446
Epoch 73/500
630/630 - 85s - loss: 0.4710 - accuracy: 0.7783 - val_loss: 0.6570 - val_accuracy: 0.6466
Epoch 74/500
630/630 - 85s - loss: 0.4683 - accuracy: 0.7808 - val_loss: 0.6590 - val_accuracy: 0.6418
Epoch 75/500
630/630 - 85s - loss: 0.4727 - accuracy: 0.7771 - val_loss: 0.6606 - val_accuracy: 0.6434
Epoch 76/500
630/630 - 85s - loss: 0.4666 - accuracy: 0.7807 - val_loss: 0.6626 - val_accuracy: 0.6474
Epoch 77/500
630/630 - 85s - loss: 0.4611 - accuracy: 0.7859 - val_loss: 0.6637 - val_accuracy: 0.6462
Epoch 78/500
630/630 - 85s - loss: 0.4530 - accuracy: 0.7910 - val_loss: 0.6647 - val_accuracy: 0.6450
Epoch 79/500
630/630 - 85s - loss: 0.4522 - accuracy: 0.7911 - val_loss: 0.6664 - val_accuracy: 0.6446
Epoch 80/500
630/630 - 85s - loss: 0.4478 - accuracy: 0.7939 - val_loss: 0.6681 - val_accuracy: 0.6486
Epoch 81/500
630/630 - 86s - loss: 0.4401 - accuracy: 0.7980 - val_loss: 0.6692 - val_accuracy: 0.6482
Epoch 82/500
630/630 - 87s - loss: 0.4435 - accuracy: 0.7929 - val_loss: 0.6708 - val_accuracy: 0.6454
Epoch 83/500
630/630 - 87s - loss: 0.4378 - accuracy: 0.7981 - val_loss: 0.6728 - val_accuracy: 0.6446
Epoch 84/500
630/630 - 87s - loss: 0.4293 - accuracy: 0.8005 - val_loss: 0.6742 - val_accuracy: 0.6470
Epoch 85/500
630/630 - 87s - loss: 0.4334 - accuracy: 0.8023 - val_loss: 0.6750 - val_accuracy: 0.6510
Epoch 86/500
630/630 - 87s - loss: 0.4263 - accuracy: 0.8042 - val_loss: 0.6772 - val_accuracy: 0.6482
Epoch 87/500
630/630 - 87s - loss: 0.4210 - accuracy: 0.8041 - val_loss: 0.6781 - val_accuracy: 0.6502
Epoch 88/500
630/630 - 87s - loss: 0.4227 - accuracy: 0.8078 - val_loss: 0.6804 - val_accuracy: 0.6530
Epoch 89/500
630/630 - 87s - loss: 0.4242 - accuracy: 0.8052 - val_loss: 0.6813 - val_accuracy: 0.6494
Epoch 90/500
630/630 - 87s - loss: 0.4090 - accuracy: 0.8132 - val_loss: 0.6845 - val_accuracy: 0.6482
Epoch 91/500
630/630 - 87s - loss: 0.4061 - accuracy: 0.8163 - val_loss: 0.6852 - val_accuracy: 0.6506
Epoch 92/500
630/630 - 87s - loss: 0.3995 - accuracy: 0.8210 - val_loss: 0.6872 - val_accuracy: 0.6518
Epoch 93/500
630/630 - 87s - loss: 0.4057 - accuracy: 0.8173 - val_loss: 0.6878 - val_accuracy: 0.6590
Epoch 94/500
630/630 - 87s - loss: 0.4045 - accuracy: 0.8152 - val_loss: 0.6921 - val_accuracy: 0.6474
Epoch 95/500
630/630 - 87s - loss: 0.3862 - accuracy: 0.8257 - val_loss: 0.6927 - val_accuracy: 0.6530
Epoch 96/500
630/630 - 87s - loss: 0.3912 - accuracy: 0.8258 - val_loss: 0.6956 - val_accuracy: 0.6514
Epoch 97/500
630/630 - 87s - loss: 0.3877 - accuracy: 0.8273 - val_loss: 0.6954 - val_accuracy: 0.6550
Epoch 98/500
630/630 - 87s - loss: 0.3901 - accuracy: 0.8261 - val_loss: 0.6991 - val_accuracy: 0.6538
Epoch 99/500
630/630 - 88s - loss: 0.3824 - accuracy: 0.8301 - val_loss: 0.7002 - val_accuracy: 0.6606
Epoch 100/500
630/630 - 87s - loss: 0.3788 - accuracy: 0.8322 - val_loss: 0.7042 - val_accuracy: 0.6526
Epoch 101/500
630/630 - 87s - loss: 0.3783 - accuracy: 0.8300 - val_loss: 0.7038 - val_accuracy: 0.6542
Epoch 102/500
630/630 - 87s - loss: 0.3802 - accuracy: 0.8310 - val_loss: 0.7071 - val_accuracy: 0.6546
Epoch 103/500
630/630 - 87s - loss: 0.3670 - accuracy: 0.8380 - val_loss: 0.7108 - val_accuracy: 0.6538
Epoch 104/500
630/630 - 87s - loss: 0.3685 - accuracy: 0.8370 - val_loss: 0.7119 - val_accuracy: 0.6570
Epoch 105/500
630/630 - 88s - loss: 0.3640 - accuracy: 0.8386 - val_loss: 0.7140 - val_accuracy: 0.6534
Epoch 106/500
630/630 - 87s - loss: 0.3619 - accuracy: 0.8388 - val_loss: 0.7157 - val_accuracy: 0.6554
Epoch 107/500
630/630 - 87s - loss: 0.3601 - accuracy: 0.8417 - val_loss: 0.7184 - val_accuracy: 0.6558
Epoch 108/500
630/630 - 87s - loss: 0.3559 - accuracy: 0.8452 - val_loss: 0.7177 - val_accuracy: 0.6590
Epoch 109/500
630/630 - 87s - loss: 0.3545 - accuracy: 0.8434 - val_loss: 0.7197 - val_accuracy: 0.6574
Epoch 110/500
630/630 - 88s - loss: 0.3459 - accuracy: 0.8486 - val_loss: 0.7234 - val_accuracy: 0.6574
Epoch 111/500
630/630 - 87s - loss: 0.3507 - accuracy: 0.8455 - val_loss: 0.7239 - val_accuracy: 0.6582
Epoch 112/500
630/630 - 87s - loss: 0.3467 - accuracy: 0.8468 - val_loss: 0.7267 - val_accuracy: 0.6566
Epoch 113/500
630/630 - 87s - loss: 0.3448 - accuracy: 0.8509 - val_loss: 0.7289 - val_accuracy: 0.6566
Epoch 114/500
630/630 - 87s - loss: 0.3450 - accuracy: 0.8497 - val_loss: 0.7323 - val_accuracy: 0.6618
Epoch 115/500
630/630 - 87s - loss: 0.3398 - accuracy: 0.8500 - val_loss: 0.7318 - val_accuracy: 0.6602
Epoch 116/500
630/630 - 87s - loss: 0.3306 - accuracy: 0.8561 - val_loss: 0.7351 - val_accuracy: 0.6594
Epoch 117/500
630/630 - 87s - loss: 0.3280 - accuracy: 0.8575 - val_loss: 0.7371 - val_accuracy: 0.6635
Epoch 118/500
630/630 - 87s - loss: 0.3295 - accuracy: 0.8573 - val_loss: 0.7389 - val_accuracy: 0.6614
Epoch 119/500
630/630 - 87s - loss: 0.3240 - accuracy: 0.8580 - val_loss: 0.7428 - val_accuracy: 0.6606
Epoch 120/500
630/630 - 87s - loss: 0.3184 - accuracy: 0.8610 - val_loss: 0.7444 - val_accuracy: 0.6622
Epoch 121/500
630/630 - 87s - loss: 0.3255 - accuracy: 0.8584 - val_loss: 0.7457 - val_accuracy: 0.6586
Epoch 122/500
630/630 - 87s - loss: 0.3184 - accuracy: 0.8617 - val_loss: 0.7470 - val_accuracy: 0.6610
Epoch 123/500
630/630 - 87s - loss: 0.3147 - accuracy: 0.8642 - val_loss: 0.7505 - val_accuracy: 0.6606
Epoch 124/500
630/630 - 87s - loss: 0.3218 - accuracy: 0.8593 - val_loss: 0.7515 - val_accuracy: 0.6618
Epoch 125/500
630/630 - 87s - loss: 0.3059 - accuracy: 0.8671 - val_loss: 0.7558 - val_accuracy: 0.6602
Epoch 126/500
630/630 - 87s - loss: 0.3120 - accuracy: 0.8683 - val_loss: 0.7546 - val_accuracy: 0.6618
Epoch 127/500
630/630 - 87s - loss: 0.3059 - accuracy: 0.8682 - val_loss: 0.7552 - val_accuracy: 0.6635
Epoch 128/500
630/630 - 87s - loss: 0.3069 - accuracy: 0.8672 - val_loss: 0.7574 - val_accuracy: 0.6622
Epoch 129/500
630/630 - 87s - loss: 0.3074 - accuracy: 0.8708 - val_loss: 0.7599 - val_accuracy: 0.6610
Epoch 130/500
630/630 - 87s - loss: 0.3043 - accuracy: 0.8679 - val_loss: 0.7637 - val_accuracy: 0.6614
Epoch 131/500
630/630 - 87s - loss: 0.2941 - accuracy: 0.8739 - val_loss: 0.7651 - val_accuracy: 0.6610
Epoch 132/500
630/630 - 87s - loss: 0.2936 - accuracy: 0.8733 - val_loss: 0.7672 - val_accuracy: 0.6622
Epoch 133/500
630/630 - 87s - loss: 0.2928 - accuracy: 0.8747 - val_loss: 0.7713 - val_accuracy: 0.6614
Epoch 134/500
630/630 - 87s - loss: 0.2912 - accuracy: 0.8751 - val_loss: 0.7735 - val_accuracy: 0.6610
Epoch 135/500
630/630 - 87s - loss: 0.2827 - accuracy: 0.8814 - val_loss: 0.7738 - val_accuracy: 0.6643
Epoch 136/500
630/630 - 87s - loss: 0.2823 - accuracy: 0.8788 - val_loss: 0.7767 - val_accuracy: 0.6606
Epoch 137/500
630/630 - 87s - loss: 0.2810 - accuracy: 0.8786 - val_loss: 0.7800 - val_accuracy: 0.6627
Epoch 138/500
630/630 - 87s - loss: 0.2837 - accuracy: 0.8805 - val_loss: 0.7824 - val_accuracy: 0.6614
Epoch 139/500
630/630 - 87s - loss: 0.2763 - accuracy: 0.8829 - val_loss: 0.7837 - val_accuracy: 0.6590
Epoch 140/500
630/630 - 87s - loss: 0.2779 - accuracy: 0.8807 - val_loss: 0.7876 - val_accuracy: 0.6622
Epoch 141/500
630/630 - 87s - loss: 0.2800 - accuracy: 0.8790 - val_loss: 0.7895 - val_accuracy: 0.6627
Epoch 142/500
630/630 - 87s - loss: 0.2790 - accuracy: 0.8820 - val_loss: 0.7930 - val_accuracy: 0.6598
Epoch 143/500
630/630 - 87s - loss: 0.2742 - accuracy: 0.8839 - val_loss: 0.7942 - val_accuracy: 0.6598
Epoch 144/500
630/630 - 88s - loss: 0.2698 - accuracy: 0.8866 - val_loss: 0.7979 - val_accuracy: 0.6602
Epoch 145/500
630/630 - 87s - loss: 0.2664 - accuracy: 0.8880 - val_loss: 0.8009 - val_accuracy: 0.6598
Epoch 146/500
630/630 - 87s - loss: 0.2730 - accuracy: 0.8847 - val_loss: 0.7987 - val_accuracy: 0.6627
Epoch 147/500
630/630 - 87s - loss: 0.2609 - accuracy: 0.8903 - val_loss: 0.8035 - val_accuracy: 0.6606
Epoch 148/500
630/630 - 87s - loss: 0.2653 - accuracy: 0.8869 - val_loss: 0.8072 - val_accuracy: 0.6582
Epoch 149/500
630/630 - 87s - loss: 0.2591 - accuracy: 0.8916 - val_loss: 0.8059 - val_accuracy: 0.6622
Epoch 150/500
630/630 - 87s - loss: 0.2612 - accuracy: 0.8908 - val_loss: 0.8097 - val_accuracy: 0.6590
Epoch 151/500
630/630 - 87s - loss: 0.2541 - accuracy: 0.8927 - val_loss: 0.8084 - val_accuracy: 0.6610
Epoch 152/500
630/630 - 87s - loss: 0.2531 - accuracy: 0.8926 - val_loss: 0.8106 - val_accuracy: 0.6627
Epoch 153/500
630/630 - 87s - loss: 0.2548 - accuracy: 0.8914 - val_loss: 0.8169 - val_accuracy: 0.6606
Epoch 154/500
630/630 - 87s - loss: 0.2504 - accuracy: 0.8963 - val_loss: 0.8168 - val_accuracy: 0.6614
Epoch 155/500
630/630 - 87s - loss: 0.2505 - accuracy: 0.8947 - val_loss: 0.8222 - val_accuracy: 0.6598
========================================
save_weights
h5_weights/HCmerge.po/embedding_cnn_one_branch.h5
========================================

end time >>> Sun Oct  3 15:11:17 2021

end time >>> Sun Oct  3 15:11:17 2021

end time >>> Sun Oct  3 15:11:17 2021

end time >>> Sun Oct  3 15:11:17 2021

end time >>> Sun Oct  3 15:11:17 2021












args.model = embedding_cnn_one_branch
time used = 13356.977548837662


************************************
************************************

    Welcome to use DeepChromeHiC

************************************
************************************

begin time >>> Sun Oct  3 15:11:18 2021

begin time >>> Sun Oct  3 15:11:18 2021

begin time >>> Sun Oct  3 15:11:18 2021

begin time >>> Sun Oct  3 15:11:18 2021

begin time >>> Sun Oct  3 15:11:18 2021



If it is the first time to use, please preprocess the data first.
Use the command: python3 DeepChromeHiC.py -p true -n [gene name]
For example: python3 DeepChromeHiC.py -p true -n AD2.po


=== Below is your input ===

args.model = embedding_cnn_two_branch
args.type = train
args.name = HCmerge.po
args.length = 10001
===========================


-> h5_weights/HCmerge.po folder already exist. pass.
-> result/HCmerge.po/onehot_cnn_one_branch folder already exist. pass.
-> result/HCmerge.po/onehot_cnn_two_branch folder already exist. pass.
-> result/HCmerge.po/onehot_embedding_dense folder already exist. pass.
-> result/HCmerge.po/onehot_dense folder already exist. pass.
-> result/HCmerge.po/onehot_resnet18 folder already exist. pass.
-> result/HCmerge.po/onehot_resnet34 folder already exist. pass.
-> result/HCmerge.po/embedding_cnn_one_branch folder already exist. pass.
-> result/HCmerge.po/embedding_cnn_two_branch folder already exist. pass.
-> result/HCmerge.po/embedding_dense folder already exist. pass.
-> result/HCmerge.po/onehot_embedding_cnn_one_branch folder already exist. pass.
-> result/HCmerge.po/onehot_embedding_cnn_two_branch folder already exist. pass.
########################################
gen_name
HCmerge.po
########################################

########################################
model_name
embedding_cnn_two_branch
########################################

Model: "functional_1"
__________________________________________________________________________________________________
Layer (type)                    Output Shape         Param #     Connected to                     
==================================================================================================
input_1 (InputLayer)            [(None, 10001)]      0                                            
__________________________________________________________________________________________________
input_2 (InputLayer)            [(None, 10001)]      0                                            
__________________________________________________________________________________________________
embedding (Embedding)           (None, 10001, 100)   409700      input_1[0][0]                    
__________________________________________________________________________________________________
embedding_1 (Embedding)         (None, 10001, 100)   409700      input_2[0][0]                    
__________________________________________________________________________________________________
sequential (Sequential)         (None, 77, 64)       205888      embedding[0][0]                  
__________________________________________________________________________________________________
sequential_1 (Sequential)       (None, 77, 64)       205888      embedding_1[0][0]                
__________________________________________________________________________________________________
flatten (Flatten)               (None, 4928)         0           sequential[0][0]                 
__________________________________________________________________________________________________
flatten_1 (Flatten)             (None, 4928)         0           sequential_1[0][0]               
__________________________________________________________________________________________________
concatenate (Concatenate)       (None, 9856)         0           flatten[0][0]                    
                                                                 flatten_1[0][0]                  
__________________________________________________________________________________________________
batch_normalization_8 (BatchNor (None, 9856)         39424       concatenate[0][0]                
__________________________________________________________________________________________________
dropout (Dropout)               (None, 9856)         0           batch_normalization_8[0][0]      
__________________________________________________________________________________________________
dense (Dense)                   (None, 512)          5046784     dropout[0][0]                    
__________________________________________________________________________________________________
batch_normalization_9 (BatchNor (None, 512)          2048        dense[0][0]                      
__________________________________________________________________________________________________
activation_8 (Activation)       (None, 512)          0           batch_normalization_9[0][0]      
__________________________________________________________________________________________________
dropout_1 (Dropout)             (None, 512)          0           activation_8[0][0]               
__________________________________________________________________________________________________
dense_1 (Dense)                 (None, 512)          262656      dropout_1[0][0]                  
__________________________________________________________________________________________________
batch_normalization_10 (BatchNo (None, 512)          2048        dense_1[0][0]                    
__________________________________________________________________________________________________
activation_9 (Activation)       (None, 512)          0           batch_normalization_10[0][0]     
__________________________________________________________________________________________________
dropout_2 (Dropout)             (None, 512)          0           activation_9[0][0]               
__________________________________________________________________________________________________
dense_2 (Dense)                 (None, 1)            513         dropout_2[0][0]                  
==================================================================================================
Total params: 6,584,649
Trainable params: 6,561,865
Non-trainable params: 22,784
__________________________________________________________________________________________________
Epoch 1/500
630/630 - 87s - loss: 0.8736 - accuracy: 0.5014 - val_loss: 0.7106 - val_accuracy: 0.5036
Epoch 2/500
630/630 - 87s - loss: 0.8587 - accuracy: 0.5059 - val_loss: 0.7056 - val_accuracy: 0.5060
Epoch 3/500
630/630 - 87s - loss: 0.8463 - accuracy: 0.5054 - val_loss: 0.7018 - val_accuracy: 0.5161
Epoch 4/500
630/630 - 87s - loss: 0.8289 - accuracy: 0.5188 - val_loss: 0.6984 - val_accuracy: 0.5249
Epoch 5/500
630/630 - 87s - loss: 0.8238 - accuracy: 0.5216 - val_loss: 0.6954 - val_accuracy: 0.5253
Epoch 6/500
630/630 - 87s - loss: 0.8196 - accuracy: 0.5220 - val_loss: 0.6926 - val_accuracy: 0.5333
Epoch 7/500
630/630 - 87s - loss: 0.8122 - accuracy: 0.5238 - val_loss: 0.6905 - val_accuracy: 0.5365
Epoch 8/500
630/630 - 86s - loss: 0.8036 - accuracy: 0.5318 - val_loss: 0.6881 - val_accuracy: 0.5422
Epoch 9/500
630/630 - 87s - loss: 0.7878 - accuracy: 0.5395 - val_loss: 0.6862 - val_accuracy: 0.5458
Epoch 10/500
630/630 - 87s - loss: 0.7932 - accuracy: 0.5408 - val_loss: 0.6837 - val_accuracy: 0.5526
Epoch 11/500
630/630 - 86s - loss: 0.7835 - accuracy: 0.5417 - val_loss: 0.6822 - val_accuracy: 0.5530
Epoch 12/500
630/630 - 87s - loss: 0.7818 - accuracy: 0.5475 - val_loss: 0.6808 - val_accuracy: 0.5530
Epoch 13/500
630/630 - 86s - loss: 0.7794 - accuracy: 0.5462 - val_loss: 0.6788 - val_accuracy: 0.5586
Epoch 14/500
630/630 - 86s - loss: 0.7654 - accuracy: 0.5536 - val_loss: 0.6767 - val_accuracy: 0.5574
Epoch 15/500
630/630 - 87s - loss: 0.7598 - accuracy: 0.5536 - val_loss: 0.6751 - val_accuracy: 0.5622
Epoch 16/500
630/630 - 86s - loss: 0.7537 - accuracy: 0.5638 - val_loss: 0.6740 - val_accuracy: 0.5618
Epoch 17/500
630/630 - 86s - loss: 0.7545 - accuracy: 0.5639 - val_loss: 0.6719 - val_accuracy: 0.5671
Epoch 18/500
630/630 - 86s - loss: 0.7479 - accuracy: 0.5644 - val_loss: 0.6697 - val_accuracy: 0.5743
Epoch 19/500
630/630 - 86s - loss: 0.7459 - accuracy: 0.5679 - val_loss: 0.6677 - val_accuracy: 0.5755
Epoch 20/500
630/630 - 86s - loss: 0.7414 - accuracy: 0.5674 - val_loss: 0.6660 - val_accuracy: 0.5847
Epoch 21/500
630/630 - 86s - loss: 0.7375 - accuracy: 0.5773 - val_loss: 0.6647 - val_accuracy: 0.5815
Epoch 22/500
630/630 - 86s - loss: 0.7229 - accuracy: 0.5866 - val_loss: 0.6628 - val_accuracy: 0.5880
Epoch 23/500
630/630 - 86s - loss: 0.7192 - accuracy: 0.5903 - val_loss: 0.6613 - val_accuracy: 0.5851
Epoch 24/500
630/630 - 87s - loss: 0.7091 - accuracy: 0.6001 - val_loss: 0.6592 - val_accuracy: 0.5936
Epoch 25/500
630/630 - 87s - loss: 0.7103 - accuracy: 0.5983 - val_loss: 0.6577 - val_accuracy: 0.5968
Epoch 26/500
630/630 - 86s - loss: 0.7100 - accuracy: 0.5992 - val_loss: 0.6563 - val_accuracy: 0.5988
Epoch 27/500
630/630 - 87s - loss: 0.6988 - accuracy: 0.6092 - val_loss: 0.6548 - val_accuracy: 0.6028
Epoch 28/500
630/630 - 87s - loss: 0.6862 - accuracy: 0.6166 - val_loss: 0.6530 - val_accuracy: 0.6064
Epoch 29/500
630/630 - 86s - loss: 0.6852 - accuracy: 0.6155 - val_loss: 0.6512 - val_accuracy: 0.6129
Epoch 30/500
630/630 - 86s - loss: 0.6773 - accuracy: 0.6232 - val_loss: 0.6502 - val_accuracy: 0.6120
Epoch 31/500
630/630 - 87s - loss: 0.6668 - accuracy: 0.6308 - val_loss: 0.6484 - val_accuracy: 0.6145
Epoch 32/500
630/630 - 86s - loss: 0.6656 - accuracy: 0.6310 - val_loss: 0.6472 - val_accuracy: 0.6197
Epoch 33/500
630/630 - 87s - loss: 0.6641 - accuracy: 0.6392 - val_loss: 0.6462 - val_accuracy: 0.6189
Epoch 34/500
630/630 - 87s - loss: 0.6567 - accuracy: 0.6399 - val_loss: 0.6449 - val_accuracy: 0.6225
Epoch 35/500
630/630 - 86s - loss: 0.6479 - accuracy: 0.6522 - val_loss: 0.6438 - val_accuracy: 0.6229
Epoch 36/500
630/630 - 86s - loss: 0.6493 - accuracy: 0.6525 - val_loss: 0.6424 - val_accuracy: 0.6313
Epoch 37/500
630/630 - 86s - loss: 0.6331 - accuracy: 0.6628 - val_loss: 0.6416 - val_accuracy: 0.6301
Epoch 38/500
630/630 - 86s - loss: 0.6231 - accuracy: 0.6681 - val_loss: 0.6409 - val_accuracy: 0.6289
Epoch 39/500
630/630 - 86s - loss: 0.6195 - accuracy: 0.6734 - val_loss: 0.6404 - val_accuracy: 0.6321
Epoch 40/500
630/630 - 87s - loss: 0.6124 - accuracy: 0.6769 - val_loss: 0.6404 - val_accuracy: 0.6309
Epoch 41/500
630/630 - 86s - loss: 0.6106 - accuracy: 0.6797 - val_loss: 0.6397 - val_accuracy: 0.6353
Epoch 42/500
630/630 - 86s - loss: 0.5950 - accuracy: 0.6935 - val_loss: 0.6397 - val_accuracy: 0.6337
Epoch 43/500
630/630 - 86s - loss: 0.5958 - accuracy: 0.6904 - val_loss: 0.6385 - val_accuracy: 0.6382
Epoch 44/500
630/630 - 86s - loss: 0.5878 - accuracy: 0.6950 - val_loss: 0.6381 - val_accuracy: 0.6386
Epoch 45/500
630/630 - 87s - loss: 0.5796 - accuracy: 0.7014 - val_loss: 0.6384 - val_accuracy: 0.6418
Epoch 46/500
630/630 - 86s - loss: 0.5777 - accuracy: 0.7061 - val_loss: 0.6382 - val_accuracy: 0.6418
Epoch 47/500
630/630 - 86s - loss: 0.5654 - accuracy: 0.7154 - val_loss: 0.6385 - val_accuracy: 0.6426
Epoch 48/500
630/630 - 86s - loss: 0.5612 - accuracy: 0.7176 - val_loss: 0.6391 - val_accuracy: 0.6406
Epoch 49/500
630/630 - 86s - loss: 0.5553 - accuracy: 0.7217 - val_loss: 0.6401 - val_accuracy: 0.6418
Epoch 50/500
630/630 - 86s - loss: 0.5478 - accuracy: 0.7255 - val_loss: 0.6405 - val_accuracy: 0.6430
Epoch 51/500
630/630 - 87s - loss: 0.5356 - accuracy: 0.7363 - val_loss: 0.6411 - val_accuracy: 0.6438
Epoch 52/500
630/630 - 86s - loss: 0.5378 - accuracy: 0.7334 - val_loss: 0.6413 - val_accuracy: 0.6442
Epoch 53/500
630/630 - 86s - loss: 0.5237 - accuracy: 0.7452 - val_loss: 0.6420 - val_accuracy: 0.6454
Epoch 54/500
630/630 - 86s - loss: 0.5244 - accuracy: 0.7409 - val_loss: 0.6430 - val_accuracy: 0.6442
Epoch 55/500
630/630 - 86s - loss: 0.5169 - accuracy: 0.7476 - val_loss: 0.6436 - val_accuracy: 0.6430
Epoch 56/500
630/630 - 86s - loss: 0.5099 - accuracy: 0.7528 - val_loss: 0.6454 - val_accuracy: 0.6446
Epoch 57/500
630/630 - 86s - loss: 0.4999 - accuracy: 0.7603 - val_loss: 0.6461 - val_accuracy: 0.6466
Epoch 58/500
630/630 - 86s - loss: 0.5049 - accuracy: 0.7575 - val_loss: 0.6465 - val_accuracy: 0.6474
Epoch 59/500
630/630 - 86s - loss: 0.4942 - accuracy: 0.7619 - val_loss: 0.6479 - val_accuracy: 0.6446
Epoch 60/500
630/630 - 86s - loss: 0.4907 - accuracy: 0.7626 - val_loss: 0.6490 - val_accuracy: 0.6478
Epoch 61/500
630/630 - 86s - loss: 0.4785 - accuracy: 0.7714 - val_loss: 0.6503 - val_accuracy: 0.6502
Epoch 62/500
630/630 - 86s - loss: 0.4756 - accuracy: 0.7751 - val_loss: 0.6515 - val_accuracy: 0.6506
Epoch 63/500
630/630 - 86s - loss: 0.4716 - accuracy: 0.7762 - val_loss: 0.6540 - val_accuracy: 0.6502
Epoch 64/500
630/630 - 86s - loss: 0.4632 - accuracy: 0.7839 - val_loss: 0.6547 - val_accuracy: 0.6534
Epoch 65/500
630/630 - 86s - loss: 0.4656 - accuracy: 0.7823 - val_loss: 0.6562 - val_accuracy: 0.6538
Epoch 66/500
630/630 - 86s - loss: 0.4625 - accuracy: 0.7840 - val_loss: 0.6583 - val_accuracy: 0.6546
Epoch 67/500
630/630 - 86s - loss: 0.4529 - accuracy: 0.7896 - val_loss: 0.6598 - val_accuracy: 0.6546
Epoch 68/500
630/630 - 86s - loss: 0.4469 - accuracy: 0.7919 - val_loss: 0.6609 - val_accuracy: 0.6534
Epoch 69/500
630/630 - 86s - loss: 0.4409 - accuracy: 0.7938 - val_loss: 0.6643 - val_accuracy: 0.6534
Epoch 70/500
630/630 - 86s - loss: 0.4411 - accuracy: 0.7975 - val_loss: 0.6650 - val_accuracy: 0.6582
Epoch 71/500
630/630 - 86s - loss: 0.4322 - accuracy: 0.8001 - val_loss: 0.6672 - val_accuracy: 0.6550
Epoch 72/500
630/630 - 86s - loss: 0.4243 - accuracy: 0.8062 - val_loss: 0.6680 - val_accuracy: 0.6554
Epoch 73/500
630/630 - 86s - loss: 0.4209 - accuracy: 0.8081 - val_loss: 0.6700 - val_accuracy: 0.6558
Epoch 74/500
630/630 - 86s - loss: 0.4191 - accuracy: 0.8107 - val_loss: 0.6716 - val_accuracy: 0.6578
Epoch 75/500
630/630 - 84s - loss: 0.4126 - accuracy: 0.8139 - val_loss: 0.6741 - val_accuracy: 0.6530
Epoch 76/500
630/630 - 84s - loss: 0.4116 - accuracy: 0.8145 - val_loss: 0.6757 - val_accuracy: 0.6582
Epoch 77/500
630/630 - 84s - loss: 0.3948 - accuracy: 0.8243 - val_loss: 0.6784 - val_accuracy: 0.6614
Epoch 78/500
630/630 - 84s - loss: 0.4024 - accuracy: 0.8171 - val_loss: 0.6812 - val_accuracy: 0.6538
Epoch 79/500
630/630 - 84s - loss: 0.3904 - accuracy: 0.8248 - val_loss: 0.6838 - val_accuracy: 0.6606
Epoch 80/500
630/630 - 84s - loss: 0.3882 - accuracy: 0.8279 - val_loss: 0.6860 - val_accuracy: 0.6566
Epoch 81/500
630/630 - 84s - loss: 0.3841 - accuracy: 0.8288 - val_loss: 0.6886 - val_accuracy: 0.6566
Epoch 82/500
630/630 - 84s - loss: 0.3792 - accuracy: 0.8319 - val_loss: 0.6909 - val_accuracy: 0.6610
Epoch 83/500
630/630 - 84s - loss: 0.3822 - accuracy: 0.8320 - val_loss: 0.6914 - val_accuracy: 0.6627
Epoch 84/500
630/630 - 84s - loss: 0.3706 - accuracy: 0.8369 - val_loss: 0.6954 - val_accuracy: 0.6618
Epoch 85/500
630/630 - 85s - loss: 0.3610 - accuracy: 0.8378 - val_loss: 0.6993 - val_accuracy: 0.6618
Epoch 86/500
630/630 - 86s - loss: 0.3659 - accuracy: 0.8373 - val_loss: 0.6994 - val_accuracy: 0.6659
Epoch 87/500
630/630 - 86s - loss: 0.3515 - accuracy: 0.8445 - val_loss: 0.7031 - val_accuracy: 0.6594
Epoch 88/500
630/630 - 86s - loss: 0.3527 - accuracy: 0.8435 - val_loss: 0.7044 - val_accuracy: 0.6651
Epoch 89/500
630/630 - 86s - loss: 0.3561 - accuracy: 0.8430 - val_loss: 0.7080 - val_accuracy: 0.6610
Epoch 90/500
630/630 - 85s - loss: 0.3417 - accuracy: 0.8491 - val_loss: 0.7100 - val_accuracy: 0.6635
Epoch 91/500
630/630 - 86s - loss: 0.3407 - accuracy: 0.8498 - val_loss: 0.7133 - val_accuracy: 0.6627
Epoch 92/500
630/630 - 86s - loss: 0.3381 - accuracy: 0.8525 - val_loss: 0.7168 - val_accuracy: 0.6594
Epoch 93/500
630/630 - 86s - loss: 0.3341 - accuracy: 0.8525 - val_loss: 0.7203 - val_accuracy: 0.6622
Epoch 94/500
630/630 - 86s - loss: 0.3308 - accuracy: 0.8574 - val_loss: 0.7239 - val_accuracy: 0.6578
Epoch 95/500
630/630 - 86s - loss: 0.3267 - accuracy: 0.8562 - val_loss: 0.7243 - val_accuracy: 0.6631
Epoch 96/500
630/630 - 86s - loss: 0.3243 - accuracy: 0.8581 - val_loss: 0.7252 - val_accuracy: 0.6651
Epoch 97/500
630/630 - 86s - loss: 0.3154 - accuracy: 0.8649 - val_loss: 0.7295 - val_accuracy: 0.6635
Epoch 98/500
630/630 - 86s - loss: 0.3189 - accuracy: 0.8601 - val_loss: 0.7333 - val_accuracy: 0.6578
Epoch 99/500
630/630 - 86s - loss: 0.3133 - accuracy: 0.8628 - val_loss: 0.7342 - val_accuracy: 0.6610
Epoch 100/500
630/630 - 86s - loss: 0.3099 - accuracy: 0.8650 - val_loss: 0.7390 - val_accuracy: 0.6610
Epoch 101/500
630/630 - 86s - loss: 0.3013 - accuracy: 0.8699 - val_loss: 0.7425 - val_accuracy: 0.6594
Epoch 102/500
630/630 - 86s - loss: 0.3038 - accuracy: 0.8683 - val_loss: 0.7450 - val_accuracy: 0.6586
Epoch 103/500
630/630 - 86s - loss: 0.2984 - accuracy: 0.8717 - val_loss: 0.7471 - val_accuracy: 0.6610
Epoch 104/500
630/630 - 86s - loss: 0.2956 - accuracy: 0.8731 - val_loss: 0.7482 - val_accuracy: 0.6590
Epoch 105/500
630/630 - 85s - loss: 0.2922 - accuracy: 0.8761 - val_loss: 0.7520 - val_accuracy: 0.6618
Epoch 106/500
630/630 - 86s - loss: 0.2899 - accuracy: 0.8781 - val_loss: 0.7554 - val_accuracy: 0.6643
========================================
save_weights
h5_weights/HCmerge.po/embedding_cnn_two_branch.h5
========================================

end time >>> Sun Oct  3 17:43:35 2021

end time >>> Sun Oct  3 17:43:35 2021

end time >>> Sun Oct  3 17:43:35 2021

end time >>> Sun Oct  3 17:43:35 2021

end time >>> Sun Oct  3 17:43:35 2021












args.model = embedding_cnn_two_branch
time used = 9136.938117027283


